timestamp,sandwich,indexName,indexType,authIdentifier
Mon Jan 12 13:13:14 2015,yummy,406298,test,0327B35C-DBA1-480F-9AB7-007BF37B06D4
Mon Jan 12 13:13:16 2015,yummy,569966,test,779603F0-92A5-4162-A2E9-6F41FFE1378F
Mon Jan 12 13:13:18 2015,yummy,774126,test,9FD3993C-46C3-4B8E-A031-54E9BE846979
Mon Jan 12 13:13:20 2015,yummy,324830,test,D26F9C31-2047-4CD5-960A-2A31DE17421F
Mon Jan 12 13:13:22 2015,yummy,681910,test,010508F3-33CF-44AC-BCA2-AD34549C321A
Mon Jan 12 13:13:24 2015,yummy,124462,test,9AB1726A-1DC5-407D-AF03-2A865F556B00
Mon Jan 12 13:13:26 2015,yummy,875881,test,2A70E9A7-60F5-4C67-A55E-BB950D4FBC29
Mon Jan 12 13:13:28 2015,yummy,991266,test,A81D4B18-9354-4094-BFF0-23AF602035BC
Mon Jan 12 13:13:30 2015,yummy,359468,test,83A269CC-A128-4C33-9A23-E0A8D1071F05
Mon Jan 12 13:13:32 2015,yummy,828426,test,251FED52-8F41-4B10-AD5E-6295C6A6E9A5
Mon Jan 12 13:13:34 2015,yummy,264827,test,D535BC54-8BF6-4CF1-A194-18505E87C183
Mon Jan 12 13:13:36 2015,yummy,241748,test,20529273-68F7-449D-9369-B73461F29CBA
Mon Jan 12 13:13:38 2015,yummy,938266,test,BC139810-5015-4D24-A26D-ABB1F2D381B5
Mon Jan 12 13:13:40 2015,yummy,243899,test,6AB4BF58-D81F-4492-9E23-D4041E989676
Mon Jan 12 13:13:42 2015,yummy,6507,test,71CE3801-BBAD-4CB5-A24E-D6A1F5906819
Mon Jan 12 13:13:44 2015,yummy,439038,test,5952D712-0A08-4F1C-BEA3-6838FAFA7EA5
Mon Jan 12 13:13:46 2015,yummy,868667,test,70A3F4A1-10A9-485B-A12E-8FAE371A2F14
Mon Jan 12 13:13:48 2015,yummy,790202,test,3AF5421F-B0C6-4202-AFDD-324D525293EF
Mon Jan 12 13:13:50 2015,yummy,626374,test,98DA8768-90C3-4DE2-B660-BB291B249999
Mon Jan 12 13:13:52 2015,yummy,636150,test,82398793-EC85-4C55-A188-973EF2612FF3
Mon Jan 12 13:13:54 2015,yummy,751350,test,7005A416-E96A-4980-9D30-54A91D0021E7
Mon Jan 12 13:13:56 2015,yummy,105840,test,4D7C599E-2BC7-41AF-BD1A-CA8932D2820D
Mon Jan 12 13:13:58 2015,yummy,807942,test,AB644606-61BD-4F39-A72A-9DD9FF3AFCD3
Mon Jan 12 13:14:00 2015,yummy,187399,test,6E37B6C2-9529-4BE5-B39D-42004DE97CE9
Mon Jan 12 13:14:02 2015,yummy,191354,test,61FB508C-F609-4088-8A3B-5B7222A97FEC
Mon Jan 12 13:14:04 2015,yummy,224802,test,EF1DA742-A82A-4844-9473-62642E094D41
Mon Jan 12 13:14:06 2015,yummy,117618,test,6EA4506C-CDD1-4D49-83BF-12EF0ED1F04E
Mon Jan 12 13:14:08 2015,yummy,316414,test,F4C03AFC-FD82-4200-BA02-CEA393497F1C
Mon Jan 12 13:14:10 2015,yummy,442442,test,0064484C-2684-4252-973C-5910916E7A13
Mon Jan 12 13:14:12 2015,yummy,419418,test,A2B2A384-A409-417E-AF44-051CFA17A87A
Mon Jan 12 13:14:14 2015,yummy,381999,test,1539FFFC-5FAE-47E6-85FD-A8D353FA2E81
Mon Jan 12 13:14:16 2015,yummy,141740,test,5A10A872-4EAC-461A-B327-8E9B65FF1730
Mon Jan 12 13:14:18 2015,yummy,109932,test,5E5BF2D5-065B-4753-AA4F-020C1E7AB817
Mon Jan 12 13:14:20 2015,yummy,362402,test,AA016CB1-5C60-4273-AB27-F60CCA38B714
Mon Jan 12 13:14:22 2015,yummy,851613,test,B3FD0502-BD05-4CA5-9339-9E907F395900
Mon Jan 12 13:14:24 2015,yummy,939560,test,ACF5F179-9010-46B5-8083-BD60898AC2ED
Mon Jan 12 13:14:26 2015,yummy,445912,test,43ED0901-FEC6-4119-A009-37BC85093CB4
Mon Jan 12 13:14:28 2015,yummy,539785,test,78EF636D-D48F-41FD-8DBB-64E9D065A4C5
Mon Jan 12 13:14:30 2015,yummy,551852,test,CC5FA456-DADC-4CA1-8074-B9D978C48FE0
Mon Jan 12 13:14:32 2015,yummy,108746,test,AA031A65-C400-4A79-ADBF-DBCC378B446F
Mon Jan 12 13:14:34 2015,yummy,721415,test,FEB54A5B-92A0-419E-B997-097BFF1A72CE
Mon Jan 12 13:14:36 2015,yummy,245657,test,14ED3069-BAD7-4464-BEE5-A6D10FC52D7C
Mon Jan 12 13:14:38 2015,yummy,681792,test,B7E36DFF-691D-41CB-96A0-09E9BCCA4547
Mon Jan 12 13:14:40 2015,yummy,264159,test,2E31496F-9696-41DA-869C-5C164556816A
Mon Jan 12 13:14:42 2015,yummy,925506,test,A465E752-AAFE-4FEA-8EB3-E0E20CA8AA33
Mon Jan 12 13:14:44 2015,yummy,666295,test,CD76B12E-FD1A-419F-BB29-A535734EFFE7
Mon Jan 12 13:14:46 2015,yummy,712395,test,0BEBE41C-61A8-4328-8C2E-99EAFC4255B1
Mon Jan 12 13:14:48 2015,yummy,628484,test,957BCF60-72D3-43CC-94CA-D6467A326707
Mon Jan 12 13:14:50 2015,yummy,579414,test,3893609A-8DDC-49BF-BA2C-53F2D6A55AA8
Mon Jan 12 13:14:52 2015,yummy,438135,test,6BB5B517-CC99-4DBD-9C95-1DB9BECD0A21
Mon Jan 12 13:14:54 2015,yummy,48162,test,D7A7C9BE-C84B-4010-B669-DFD8B2E70612
Mon Jan 12 13:14:56 2015,yummy,820521,test,16B6AF80-9795-4DDB-8FB7-4F2CD7E6FC1E
Mon Jan 12 13:14:58 2015,yummy,800906,test,A47F5F1A-62AC-4080-9D96-F7C8E37D20A3
Mon Jan 12 13:15:00 2015,yummy,79692,test,BE1B7D1D-2A74-44F4-994A-990710594D29
Mon Jan 12 13:15:02 2015,yummy,44364,test,CC6DF5E9-2F79-4751-9F7E-DD2BA621CBFF
Mon Jan 12 13:15:04 2015,yummy,788607,test,AA4BC7D3-BB99-4AA4-BAA6-748576A4E142
Mon Jan 12 13:15:06 2015,yummy,274309,test,36FA3E54-4876-4A0E-BF56-49BB89A4FF1B
Mon Jan 12 13:15:08 2015,yummy,55966,test,68E7564C-5508-4FEA-A704-E27F72D6CF19
Mon Jan 12 13:15:10 2015,yummy,562940,test,9B4F087A-CA42-4F84-91B4-8E18CCA33A2E
Mon Jan 12 13:15:12 2015,yummy,942526,test,35E4BBE2-4A44-44F9-BB56-903C7376D62D
Mon Jan 12 13:15:14 2015,yummy,417374,test,7B6442C5-A666-4C44-8D6A-A1098FCD899A
Mon Jan 12 13:15:16 2015,yummy,154936,test,8D3E5626-C475-4029-B6F2-47EB36658365
Mon Jan 12 13:15:18 2015,yummy,553809,test,395401E4-8431-4496-AD70-D4F595CA1016
Mon Jan 12 13:15:20 2015,yummy,67079,test,C13A8874-984E-4D84-A7DC-E5366BA418BA
Mon Jan 12 13:15:22 2015,yummy,557947,test,13A3A4F7-8D31-4D0D-A0F5-C20366D5F43D
Mon Jan 12 13:15:24 2015,yummy,824640,test,62134805-166A-4D64-AC7A-268BE427EFC9
Mon Jan 12 13:15:26 2015,yummy,768419,test,FFC4538D-5370-42FB-A2C2-2336F4CDEBD5
Mon Jan 12 13:15:28 2015,yummy,817371,test,E427324C-E789-400F-951D-4F70B6A4281B
Mon Jan 12 13:15:30 2015,yummy,189936,test,F762C378-4740-4DB3-A2D1-AD0828993342
Mon Jan 12 13:15:32 2015,yummy,137209,test,7DB80A85-ECB1-47F7-8F6F-1EFA3282C1A0
Mon Jan 12 13:15:34 2015,yummy,254932,test,5D304565-8BC6-4ABE-BC3B-BE1AEC2F1C3E
Mon Jan 12 13:15:36 2015,yummy,102387,test,AF662902-0E72-48FA-88BC-859302D30303
Mon Jan 12 13:15:38 2015,yummy,545978,test,880ECC63-0DFE-40E8-A9E0-5826BB440A1B
Mon Jan 12 13:15:40 2015,yummy,879484,test,37806ECF-53EA-4C2F-B67E-A0C9C0FA7449
Mon Jan 12 13:15:42 2015,yummy,809392,test,D750B388-7CA8-482A-89B8-7C69D5F246FC
Mon Jan 12 13:15:44 2015,yummy,452696,test,C9C2E090-5992-47BC-BF4D-FD0CDD88AFAE
Mon Jan 12 13:15:46 2015,yummy,558434,test,F479C781-117F-4C4F-91B6-491FD3DDDE26
Mon Jan 12 13:15:48 2015,yummy,700945,test,837D0760-11CF-4CDD-A554-55A2FCD1F847
Mon Jan 12 13:15:50 2015,yummy,827012,test,A38B39D8-FC45-4B60-8357-72AEFD7E3394
Mon Jan 12 13:15:52 2015,yummy,173983,test,034BC42A-85B6-4E5A-86AD-152F0408C610
Mon Jan 12 13:15:54 2015,yummy,363961,test,2E1BD904-70A7-40FB-A289-418A8E0B0B6B
Mon Jan 12 13:15:56 2015,yummy,326218,test,51447D26-3AC9-49A3-8862-E977265BDA2E
Mon Jan 12 13:15:58 2015,yummy,728307,test,398346D9-992B-4EF9-9BEC-5D50D73CEE3F
Mon Jan 12 13:16:00 2015,yummy,234921,test,A335502A-7646-489C-BE98-4D1198255C88
Mon Jan 12 13:16:02 2015,yummy,500916,test,7E3B9341-8F57-4FA8-9936-A00B9F4BCF7A
Mon Jan 12 13:16:04 2015,yummy,125135,test,0C2CCD86-C8CF-49AA-A2B7-57CD97E7B6E6
Mon Jan 12 13:16:06 2015,yummy,245088,test,A90EA9BA-9E05-4C42-91AE-328E3E7A33AC
Mon Jan 12 13:16:08 2015,yummy,90735,test,15FF7868-1937-4F39-BA8D-4AEEDF68B6E5
Mon Jan 12 13:16:11 2015,yummy,842598,test,4E6A1026-D513-428B-97CA-1FA9BBD96413
Mon Jan 12 13:16:13 2015,yummy,157065,test,1E1BBED3-3C67-484F-BB15-BEA56856B263
Mon Jan 12 13:16:15 2015,yummy,713366,test,4ABC52FF-167F-477D-9EC9-9C5A6ACB8B08
Mon Jan 12 13:16:17 2015,yummy,58346,test,1C92A580-02F2-45B7-B183-74E2AB8F73D8
Mon Jan 12 13:16:19 2015,yummy,670228,test,B6B4E7C8-2E65-4223-B63D-9DDD52FDBBB0
Mon Jan 12 13:16:21 2015,yummy,512937,test,5CE19A61-0333-4AA6-8ED5-F4AE1CCEA202
Mon Jan 12 13:16:23 2015,yummy,209241,test,63379DC8-E69F-43F6-AB71-E9D384E2DD92
Mon Jan 12 13:16:25 2015,yummy,131469,test,A24588F6-0ED2-4EAB-86D9-05E7C0E0FD8F
Mon Jan 12 13:16:27 2015,yummy,512998,test,1DAC4A06-6D15-4E4A-9B68-1AA29056D1D5
Mon Jan 12 13:16:29 2015,yummy,978266,test,2F8DD9F3-2617-4812-801F-4BCB5874A9D0
Mon Jan 12 13:16:31 2015,yummy,908140,test,047A77A3-A9BC-4204-A602-A702944D6D48
Mon Jan 12 13:16:33 2015,yummy,841422,test,03D87B0E-809B-46A4-9A28-72AC8685F9EE
Mon Jan 12 13:16:35 2015,yummy,942258,test,B740C4B8-2F07-4599-AE5A-97C620C8406D
Mon Jan 12 13:16:37 2015,yummy,859563,test,87A01C4E-6479-4E2C-AD0B-E2B056685243
Mon Jan 12 13:16:39 2015,yummy,678810,test,8EFC9D18-93F0-4FBD-A90A-0435A5CB5214
Mon Jan 12 13:16:41 2015,yummy,659207,test,5787BD6E-79F8-47BE-B78C-5FACD09B500B
Mon Jan 12 13:16:43 2015,yummy,204602,test,7F54CAAE-CD66-4F0F-9837-27681A052460
Mon Jan 12 13:16:45 2015,yummy,146446,test,96FF1E5D-B26A-4EB3-AC96-8FFA69BCC163
Mon Jan 12 13:16:47 2015,yummy,325804,test,EEFB3878-403C-47A4-8DF5-CCCB7F4DB330
Mon Jan 12 13:16:49 2015,yummy,614819,test,13FC2DA9-ADFD-4A58-8AEA-5A2848831321
Mon Jan 12 13:16:51 2015,yummy,794231,test,F94AA1DE-C27C-4A4B-B18E-DE65EF8E76C7
Mon Jan 12 13:16:53 2015,yummy,929667,test,62CDD9D9-104A-4B68-94EE-02AF26732F5B
Mon Jan 12 13:16:55 2015,yummy,455508,test,F03E4F05-F5C4-485D-904A-CE913A630678
Mon Jan 12 13:16:57 2015,yummy,39509,test,2A7171E7-344C-4B1F-8D0C-F0B121164AA1
Mon Jan 12 13:16:59 2015,yummy,6430,test,BC231250-04D7-4C0C-A4AD-0805B7C78F62
Mon Jan 12 13:17:01 2015,yummy,334105,test,77CF3E4F-AE0F-4A1A-8327-9F80AC8DBCD2
Mon Jan 12 13:17:03 2015,yummy,1939,test,6301239B-017E-4B60-8DE3-FBBC89B4E369
Mon Jan 12 13:17:05 2015,yummy,265289,test,AC471BA9-0F06-4887-B42B-27D5834F953A
Mon Jan 12 13:17:07 2015,yummy,467537,test,890C7D26-9986-42A1-B08D-5F2F16115D31
Mon Jan 12 13:17:09 2015,yummy,843912,test,1201A12D-7F9D-44A3-9BA6-B0D8C8345BD2
Mon Jan 12 13:17:11 2015,yummy,553409,test,99AA7A77-0659-4342-B655-1ACF10E127A9
Mon Jan 12 13:17:13 2015,yummy,533356,test,C627D175-7EFF-4D90-ABD2-761DE1C92314
Mon Jan 12 13:17:15 2015,yummy,216548,test,28EC892B-92DD-4EC8-AA67-D04A3E2F09DE
Mon Jan 12 13:17:17 2015,yummy,248661,test,63F0E5A7-0B28-48E0-893D-B4DAB8E7CA08
Mon Jan 12 13:17:19 2015,yummy,766923,test,9FCFCAE6-9C2E-4159-9903-8F791FB18C23
Mon Jan 12 13:17:21 2015,yummy,450011,test,46FA4BB6-1563-4236-865E-2CA22AE4EE80
Mon Jan 12 13:17:23 2015,yummy,311972,test,E65E784C-F900-4934-9EE4-DCD4201934F6
Mon Jan 12 13:17:25 2015,yummy,994136,test,5CAB8A72-66EA-4B27-999E-CF1F82C6D115
Mon Jan 12 13:17:27 2015,yummy,43940,test,ADECB8CB-50BD-4BDB-955A-405ED7B267FA
Mon Jan 12 13:17:29 2015,yummy,906302,test,60E79BAD-67D8-462F-9B7C-D49F831D3E6F
Mon Jan 12 13:17:31 2015,yummy,175180,test,AFDDB603-3D40-4FA5-9101-CD8DBB32318D
Mon Jan 12 13:17:33 2015,yummy,214759,test,C7D4BB55-4F59-4D93-AC7C-109BCDF53373
Mon Jan 12 13:17:35 2015,yummy,922225,test,25BA5CB7-5104-4139-BFC3-B8E66C81E25E
Mon Jan 12 13:17:37 2015,yummy,158008,test,759497DF-5F1A-49C2-A954-A111DECD7350
Mon Jan 12 13:17:39 2015,yummy,56912,test,22056D8F-3224-46F3-BE7D-601AFBCC2644
Mon Jan 12 13:17:41 2015,yummy,407516,test,79069C2E-452F-49B2-84C2-D936C1582185
Mon Jan 12 13:17:43 2015,yummy,170458,test,744D0AC1-0236-410B-98BF-E61ECCFB0077
Mon Jan 12 13:17:45 2015,yummy,598170,test,909FED00-6CEF-4CD9-889B-26F32DA049F1
Mon Jan 12 13:17:47 2015,yummy,553630,test,07D0C928-1267-4D69-87F1-987117E1045D
Mon Jan 12 13:17:49 2015,yummy,596226,test,2F97E0BD-5803-436F-B9A3-E4A99CECBB28
Mon Jan 12 13:17:51 2015,yummy,664518,test,953A47CF-4F2E-4FBE-BE53-1E5EC7A752CA
Mon Jan 12 13:17:53 2015,yummy,888394,test,41BD6D23-22BA-47F3-A159-928B554B573A
Mon Jan 12 13:17:55 2015,yummy,9812,test,9A5C5452-52EF-48C1-B102-190C99AC0D65
Mon Jan 12 13:17:57 2015,yummy,962327,test,D29701C5-0286-415E-98DB-58E171982BFE
Mon Jan 12 13:17:59 2015,yummy,789698,test,B2D0DCFC-AE3B-47F0-8A38-3C5FCB4057C3
Mon Jan 12 13:18:01 2015,yummy,431341,test,8C5C2927-FE6B-411B-81CA-A295D14D9B54
Mon Jan 12 13:18:03 2015,yummy,754211,test,CA2CA5C9-0C0B-4F1C-87E8-EA0C12F9B8C0
Mon Jan 12 13:18:05 2015,yummy,581843,test,7A00C6ED-BD49-4ECF-AB9B-C18B921E910F
Mon Jan 12 13:18:07 2015,yummy,317330,test,D1900036-E0A8-4E02-9150-B922F34C1151
Mon Jan 12 13:18:09 2015,yummy,439621,test,C34F854F-4BA5-4EF5-8079-D4642E1CA2D4
Mon Jan 12 13:18:11 2015,yummy,343566,test,D8E82002-16A1-4045-B4DF-29CFFB8545C6
Mon Jan 12 13:18:13 2015,yummy,921423,test,10D2EB5E-93F0-4624-BD96-5A848319D282
Mon Jan 12 13:18:15 2015,yummy,616320,test,293F9344-28AC-4B7A-B165-AC10867E7FA1
Mon Jan 12 13:18:17 2015,yummy,745,test,99650387-B49E-45B3-9417-18449016B3B7
Mon Jan 12 13:18:19 2015,yummy,565596,test,A3F36851-A56F-4986-A4D0-E2419EAAC8C0
Mon Jan 12 13:18:21 2015,yummy,688265,test,4167CF2F-695E-412D-AE79-7079AF099FD0
Mon Jan 12 13:18:23 2015,yummy,302030,test,9830BD57-BBE9-4E25-A070-A8F884E2D670
Mon Jan 12 13:18:25 2015,yummy,859564,test,FB62A045-DD78-4249-B26B-13CB598ADB43
Mon Jan 12 13:18:27 2015,yummy,701631,test,D23622A7-E1EF-464C-AD70-B99130048A37
Mon Jan 12 13:18:29 2015,yummy,94228,test,3BC21875-3D10-4F7A-8763-60C572966C5F
Mon Jan 12 13:18:31 2015,yummy,321980,test,34698612-ED2E-41D8-AED6-00C2D02C73D1
Mon Jan 12 13:18:33 2015,yummy,84926,test,16FC6E76-4352-442B-BAFA-39C7344ECFF2
Mon Jan 12 13:18:35 2015,yummy,113571,test,51FD1AA8-422B-49C2-920A-7BD1BC125BBA
Mon Jan 12 13:18:37 2015,yummy,443714,test,80088657-5609-40A0-A61B-7CAAEA6E7DB3
Mon Jan 12 13:18:39 2015,yummy,308250,test,71293E3C-6E7F-46C1-ABB8-8A7F2EF0DFD1
Mon Jan 12 13:18:41 2015,yummy,193193,test,1810A4A8-5DD8-4A6A-86E0-18E63672DB28
Mon Jan 12 13:18:43 2015,yummy,323469,test,F79AEF40-99F5-43EF-8E4E-041E58AD5CA7
Mon Jan 12 13:18:45 2015,yummy,564061,test,DAD320D8-C3EB-4E2A-B182-D3E2260B68C2
Mon Jan 12 13:18:47 2015,yummy,271778,test,6E5D7B37-CDF0-4997-A547-4FA461294C72
Mon Jan 12 13:18:49 2015,yummy,645117,test,D8A4DEA6-E39C-4C77-AF84-C34DA37A8C1D
Mon Jan 12 13:18:51 2015,yummy,448863,test,5CB21CE2-5A6E-4244-9996-8539F2E24AB0
Mon Jan 12 13:18:53 2015,yummy,107728,test,9FC4EAAB-89B1-40F2-8E1E-5DB1F7F912FA
Mon Jan 12 13:18:55 2015,yummy,308441,test,86589AB2-3CDA-4171-A35A-381E42550D34
Mon Jan 12 13:18:57 2015,yummy,282736,test,2E37CDF1-9E73-45C6-BC53-AD6272638CF2
Mon Jan 12 13:18:59 2015,yummy,772729,test,259C5AF2-C07E-402A-9E52-5842BAE01A3E
Mon Jan 12 13:19:01 2015,yummy,324803,test,2C2309C9-7D81-4AF6-B149-08E64BFCA07D
Mon Jan 12 13:19:03 2015,yummy,568665,test,A286D478-06BD-4A14-A20D-1088BC01238F
Mon Jan 12 13:19:05 2015,yummy,238034,test,858AEF03-F641-456D-A978-ADFB1039E035
Mon Jan 12 13:19:07 2015,yummy,821778,test,8A224FE1-FA05-4A3E-9F16-2DFDC8CD2938
Mon Jan 12 13:19:09 2015,yummy,955046,test,E8C51710-707C-4429-859D-C5FE684E8317
Mon Jan 12 13:19:11 2015,yummy,902066,test,2B710710-7BF9-4090-B938-54DB447796CB
Mon Jan 12 13:19:13 2015,yummy,24681,test,198BB650-590A-483D-B6F6-15E55A5FA3D1
Mon Jan 12 13:19:15 2015,yummy,136732,test,FD65F7FD-7C40-4BB5-9DAF-09B848CFAF80
Mon Jan 12 13:19:17 2015,yummy,359421,test,714F037A-110C-42C3-8CCA-8F9FA0F729F7
Mon Jan 12 13:19:19 2015,yummy,120308,test,99CC1B33-645F-426B-BC63-D91348047C3B
Mon Jan 12 13:19:21 2015,yummy,958144,test,68C87950-05CE-4FEE-A247-F41D40E70337
Mon Jan 12 13:19:23 2015,yummy,807613,test,98C7B49B-CE7F-4465-86FF-4541D80E72EF
Mon Jan 12 13:19:25 2015,yummy,605858,test,D796D3EB-2780-462C-AD1D-7E2FA8E0B060
Mon Jan 12 13:19:27 2015,yummy,971990,test,22EB6AAD-B292-4D8D-8724-D58C0F911FE1
Mon Jan 12 13:19:29 2015,yummy,168581,test,3095460E-F624-4FBE-BDEC-DB60837FEF3A
Mon Jan 12 13:19:31 2015,yummy,258205,test,9519F5A0-3CF6-4E4C-9CCB-3608E9E1796A
Mon Jan 12 13:19:33 2015,yummy,662559,test,32091D9C-93A8-4C31-B973-21D20CD0A609
Mon Jan 12 13:19:35 2015,yummy,643110,test,FAFF7464-4AA4-44BA-9DDA-06138BD11D41
Mon Jan 12 13:19:37 2015,yummy,346447,test,5D8775CE-FE1D-495B-B19F-AF5FBB7A606E
Mon Jan 12 13:19:39 2015,yummy,967316,test,E7954696-FEBE-451E-B597-77FACBF8ED4D
Mon Jan 12 13:19:41 2015,yummy,119973,test,33EEE1DB-B9E4-4E90-989F-30BEAC7D93EB
Mon Jan 12 13:19:43 2015,yummy,788981,test,EF7AC5C8-7F3D-4EB7-BA0B-41F03303F53D
Mon Jan 12 13:19:45 2015,yummy,954596,test,685A9CAD-1AB3-474B-BE55-7A823B4C8CF0
Mon Jan 12 13:19:47 2015,yummy,158834,test,D985114C-1C43-45DD-87F1-6BF030CBD13A
Mon Jan 12 13:19:49 2015,yummy,460423,test,F61B6E67-A331-41F9-A004-2FA05BA3D72F
Mon Jan 12 13:19:51 2015,yummy,874544,test,A5042A15-1D99-41A5-812A-D73D7BE67E3A
Mon Jan 12 13:19:54 2015,yummy,55357,test,A669C80E-47DF-457B-9667-6287C1BE2915
Mon Jan 12 13:19:56 2015,yummy,654643,test,9DD91808-6343-4C42-A052-E101FAF0D77B
Mon Jan 12 13:19:58 2015,yummy,89058,test,05C1D2B5-4010-4713-B660-698CB1931465
Mon Jan 12 13:20:00 2015,yummy,509775,test,A73F25A7-1CCC-4EFF-9C34-D1F3BA11796F
Mon Jan 12 13:20:02 2015,yummy,629815,test,D9703FFF-7DE0-46C0-98E9-F53E559534D3
Mon Jan 12 13:20:04 2015,yummy,319105,test,B25FA2A5-01BA-4DD0-8CFE-830582326EF1
Mon Jan 12 13:20:06 2015,yummy,413369,test,F48ABBF9-28DA-4726-9DD2-2C8A9409421C
Mon Jan 12 13:20:08 2015,yummy,777643,test,98109769-464C-4EC0-858A-873BED6BB7A2
Mon Jan 12 13:20:10 2015,yummy,443048,test,7D61A6A1-0E2E-44D3-BB65-88003BB63A4B
Mon Jan 12 13:20:12 2015,yummy,914037,test,AE323D76-98C4-4813-B5B1-F8A235CD2B31
Mon Jan 12 13:20:14 2015,yummy,758978,test,4709AE56-E582-4676-94FE-F266F893DB22
Mon Jan 12 13:20:16 2015,yummy,479989,test,E0801A3E-C892-4966-BC76-8188577B4AA5
Mon Jan 12 13:20:18 2015,yummy,157869,test,C4AF5184-690D-45FC-B626-A31D16414B0A
Mon Jan 12 13:20:20 2015,yummy,890012,test,627399B5-20FB-4A3E-ADA4-633D9FF9FA4D
Mon Jan 12 13:20:22 2015,yummy,900115,test,6D9B7017-8BB7-4955-BFE9-A90870B16CBB
Mon Jan 12 13:20:24 2015,yummy,190430,test,51139724-D842-4AD1-8F9A-D837935FC4DE
Mon Jan 12 13:20:26 2015,yummy,685677,test,82AA3357-CA2F-4EF6-A8CE-445EE7E048A9
Mon Jan 12 13:20:28 2015,yummy,152757,test,F963D3F2-C11C-402F-8B85-04910E23BE80
Mon Jan 12 13:20:30 2015,yummy,293329,test,E9786EF3-A013-4002-A961-D12B5B57422B
Mon Jan 12 13:20:32 2015,yummy,875253,test,3F2DBEB0-22BA-4CB0-9883-BA4409DE2E8E
Mon Jan 12 13:20:34 2015,yummy,241951,test,EB331709-2CEE-40F4-92F7-BCB07E8471DC
Mon Jan 12 13:20:36 2015,yummy,229620,test,1AF1E6D8-4437-4664-9FB4-9AB00E59342B
Mon Jan 12 13:20:38 2015,yummy,577210,test,353B9A8E-623E-4A6B-BD9A-2E9EE0B24115
Mon Jan 12 13:20:40 2015,yummy,198277,test,53F2B859-46CB-43AE-9C92-BD1B0C069BD6
Mon Jan 12 13:20:42 2015,yummy,442186,test,1C7861EE-8F2C-4D7C-8A72-0D3F58FBFA47
Mon Jan 12 13:20:44 2015,yummy,416238,test,9BBD2FFB-297B-44C3-A2B7-5BD0D3505A8F
Mon Jan 12 13:20:46 2015,yummy,649658,test,3A97784D-CA5C-4A5E-A5B4-6119493EE098
Mon Jan 12 13:20:48 2015,yummy,992213,test,27945091-6C3C-4E43-9D50-CFDFD44A5899
Mon Jan 12 13:20:50 2015,yummy,118338,test,1757D0EE-A6C9-4A02-9DF3-5FB882E7E46C
Mon Jan 12 13:20:52 2015,yummy,381082,test,473DF341-C9A4-4C2C-AD4B-888D0E513EB2
Mon Jan 12 13:20:54 2015,yummy,283361,test,FB3E7F71-6656-40DE-BEA8-4A7F5579F261
Mon Jan 12 13:20:56 2015,yummy,488624,test,3FC00E46-10A2-4A93-94DA-C4EA8DB42CF9
Mon Jan 12 13:20:58 2015,yummy,583910,test,52481606-C535-4E47-80FA-96EEA19A22E8
Mon Jan 12 13:21:00 2015,yummy,647477,test,6C3DB477-830E-43DC-8C7B-59395EA627DA
Mon Jan 12 13:21:02 2015,yummy,181412,test,5480F4C4-4609-477E-8822-4F27374FDBE0
Mon Jan 12 13:21:04 2015,yummy,935674,test,784F85F8-8061-4B7C-AD2A-3D6ADA6CD910
Mon Jan 12 13:21:06 2015,yummy,445612,test,EA1A14DF-F1E2-4AD4-9868-F48153E172D7
Mon Jan 12 13:21:08 2015,yummy,238605,test,A0DE4D28-A823-4240-88B1-2B843260EB1C
Mon Jan 12 13:21:10 2015,yummy,15470,test,4FBF9D1A-F412-4276-A405-E79E2CE3447C
Mon Jan 12 13:21:12 2015,yummy,85179,test,7297C836-4938-4550-9F3D-F5234171C783
Mon Jan 12 13:21:14 2015,yummy,10029,test,9B40659E-F4C8-485B-B83C-0E0205890968
Mon Jan 12 13:21:16 2015,yummy,269200,test,EADB4FB3-723A-4CDA-A85C-E4D9A7D1ECD5
Mon Jan 12 13:21:18 2015,yummy,1545,test,83DCBA7A-7505-4502-B426-F2AE5A51D163
Mon Jan 12 13:21:20 2015,yummy,538938,test,09EA30C3-0AD6-4508-A05B-0154A054D905
Mon Jan 12 13:21:22 2015,yummy,14241,test,CDEE27BB-0F82-4423-B812-F3EEEBFCE3E5
Mon Jan 12 13:21:24 2015,yummy,183983,test,ACF3AAFA-08B6-4F71-B54A-C5D389F5C758
Mon Jan 12 13:21:26 2015,yummy,141680,test,14770C26-8B08-4503-8E94-FB9C374F321F
Mon Jan 12 13:21:28 2015,yummy,152672,test,8701527D-DE01-4ED2-8F58-A28E13A6F15F
Mon Jan 12 13:21:30 2015,yummy,109923,test,7A5924FB-600D-4622-8E80-CA69E9287851
Mon Jan 12 13:21:32 2015,yummy,791858,test,82F42505-899F-4449-928D-6FAA1BD74698
Mon Jan 12 13:21:34 2015,yummy,347815,test,496AB3FC-2F26-4638-895F-FBF9921A8584
Mon Jan 12 13:21:36 2015,yummy,101476,test,A0668FE1-FFF8-44CE-BF7A-D435AE449907
Mon Jan 12 13:21:38 2015,yummy,931813,test,DB9C1559-047E-469D-B20A-11759C5BF34C
Mon Jan 12 13:21:40 2015,yummy,918715,test,175BB5E3-72C8-4752-81BE-306A35B537F8
Mon Jan 12 13:21:42 2015,yummy,236479,test,409E6CEA-EEF6-4401-B8CF-73464B024157
Mon Jan 12 13:21:44 2015,yummy,13428,test,1F8C30F1-5625-45A5-8677-D2A0CF4DA65A
Mon Jan 12 13:21:46 2015,yummy,4790,test,FC75B462-7DC0-4256-A6BA-28C133F54783
Mon Jan 12 13:21:48 2015,yummy,920977,test,C0E7FD29-22F3-446E-A963-A96080845E91
Mon Jan 12 13:21:50 2015,yummy,675120,test,202D4B55-ED66-4097-995E-3564C3FC17F4
Mon Jan 12 13:21:52 2015,yummy,931389,test,11828875-C9A4-4519-94E1-507CCCAF29FD
Mon Jan 12 13:21:54 2015,yummy,401143,test,C019F149-D245-40B4-8AC2-6A2801573762
Mon Jan 12 13:21:56 2015,yummy,65323,test,1C48E1A8-1DF9-43BB-B67E-9A39012D9670
Mon Jan 12 13:21:58 2015,yummy,923881,test,FF658633-4214-4C70-A455-7E39BB6A8C4D
Mon Jan 12 13:22:00 2015,yummy,123474,test,B99E1C25-4AA8-4843-A594-D81FD8DD15B4
Mon Jan 12 13:22:02 2015,yummy,303410,test,362C2C15-F5F3-4E77-A2DD-1AC3CD65A2AE
Mon Jan 12 13:22:04 2015,yummy,814185,test,E5D21244-39C3-497A-877C-2A775E2B46D7
Mon Jan 12 13:22:06 2015,yummy,966867,test,4B6C29A7-7E9F-4918-BA8B-DC2355AB4C23
Mon Jan 12 13:22:08 2015,yummy,739689,test,DD1AEAF2-F0AA-4710-9F3B-95BA84EBE0B9
Mon Jan 12 13:22:10 2015,yummy,201632,test,F722CA02-D900-4B43-B9A3-E1E3DB4EF899
Mon Jan 12 13:22:12 2015,yummy,866429,test,941109BF-FC25-41A7-8BD6-03CF8CC7D6F4
Mon Jan 12 13:22:14 2015,yummy,896918,test,20E37917-6B93-432E-901B-4C8ED420B10E
Mon Jan 12 13:22:16 2015,yummy,518582,test,844A381E-2803-4FB9-8B91-11326C812979
Mon Jan 12 13:22:18 2015,yummy,740755,test,0BCC721B-A6D0-45EF-93F9-AEAEB30B56C3
Mon Jan 12 13:22:20 2015,yummy,721195,test,B5EF46ED-33A8-4972-8499-D558E75C811A
Mon Jan 12 13:22:22 2015,yummy,805191,test,BF592263-7072-4419-A525-EDBBE9C896A4
Mon Jan 12 13:22:24 2015,yummy,649252,test,B259AD9E-B314-448A-951C-0259D525C72C
Mon Jan 12 13:22:26 2015,yummy,508688,test,88EAFB5E-DEF5-46D7-B292-FEBDCEEDBCDF
Mon Jan 12 13:22:28 2015,yummy,971202,test,AD70196D-B54A-4617-B2C9-114B791A1B02
Mon Jan 12 13:22:30 2015,yummy,845169,test,32FD9007-FE08-4230-ADE3-0496DF7DCB29
Mon Jan 12 13:22:32 2015,yummy,159595,test,F837144D-C48D-40AE-A8BE-8118BFEEFFFB
Mon Jan 12 13:22:34 2015,yummy,733149,test,B9C9F3DE-1BC8-4B66-9E45-DDEC585B46ED
Mon Jan 12 13:22:36 2015,yummy,229334,test,525E28E3-D8FE-4270-98C5-72687A339798
Mon Jan 12 13:22:38 2015,yummy,68951,test,0299B0FF-D990-430D-860F-2D87B32CCE62
Mon Jan 12 13:22:40 2015,yummy,953350,test,5AB8FE25-3329-4EE9-870A-5301B888EB5C
Mon Jan 12 13:22:42 2015,yummy,741647,test,60C29BFD-EEBB-4065-9725-F188E0F12ACF
Mon Jan 12 13:22:44 2015,yummy,866249,test,62A04224-3571-4C9E-8D7F-7F2FEB89C6C4
Mon Jan 12 13:22:46 2015,yummy,366774,test,345828A5-A8A7-487A-89C9-915F10357F68
Mon Jan 12 13:22:48 2015,yummy,681600,test,8FED992C-2E02-4FDB-918B-AC7392967DB9
Mon Jan 12 13:22:50 2015,yummy,580002,test,0E7168C1-E28C-4FA5-A5B4-6446F3390522
Mon Jan 12 13:22:52 2015,yummy,732670,test,1BB0852E-5092-457C-9D59-26E364EFEEF8
Mon Jan 12 13:22:54 2015,yummy,738783,test,4AEBD2E2-1017-4621-AA06-DB6C4DDC980F
Mon Jan 12 13:22:56 2015,yummy,787007,test,3971E1B7-D0D0-4125-9AB3-80CF2FBCCE7C
Mon Jan 12 13:22:58 2015,yummy,717591,test,96173929-6A54-440F-84FA-D922DBFC1C6D
Mon Jan 12 13:23:00 2015,yummy,981600,test,EAC4E49F-4E3D-4573-8681-6421CADE152C
Mon Jan 12 13:23:02 2015,yummy,67353,test,86421B52-E64A-429F-9153-06762587B397
Mon Jan 12 13:23:04 2015,yummy,282925,test,FB03221D-FFEB-43EC-9BB7-A39AE95474B7
Mon Jan 12 13:23:06 2015,yummy,769663,test,3BF78ECE-5726-4391-911B-9EB558C93328
Mon Jan 12 13:23:08 2015,yummy,544583,test,08AB499C-2490-4970-97AC-DFD0CFD0F050
Mon Jan 12 13:23:10 2015,yummy,180089,test,67299BD8-4EDB-4AD1-AEC7-4693BE59AE1F
Mon Jan 12 13:23:12 2015,yummy,558992,test,DC96264A-4A63-4D66-9928-5AE0D05A9392
Mon Jan 12 13:23:14 2015,yummy,506581,test,0B82205A-698B-4D6E-9E4A-EAD0CA2CB278
Mon Jan 12 13:23:16 2015,yummy,882347,test,342EDF81-718F-402A-A4BE-ED8E060B6C7B
Mon Jan 12 13:23:18 2015,yummy,955480,test,B6523C63-3D0A-4F40-AADF-FDB57934B2C7
Mon Jan 12 13:23:20 2015,yummy,877645,test,69DFB986-63B5-45E7-8C25-235C680F5FED
Mon Jan 12 13:23:22 2015,yummy,605729,test,DCAF4F35-D49C-499D-891E-F350B15F8A32
Mon Jan 12 13:23:24 2015,yummy,281605,test,2E631869-9864-464E-B4FB-70000D41DEF5
Mon Jan 12 13:23:26 2015,yummy,447697,test,8E92519B-BF12-4ABE-A4D1-7DCC2BA627BE
Mon Jan 12 13:23:28 2015,yummy,333069,test,51554562-7954-496A-958B-9A2268B893C3
Mon Jan 12 13:23:30 2015,yummy,33273,test,55084D63-4434-4F9F-9743-9C85BA567966
Mon Jan 12 13:23:32 2015,yummy,242616,test,5266D4E8-9A32-4F98-BC10-5DC7AF443FF6
Mon Jan 12 13:23:34 2015,yummy,932838,test,9588D1E1-01C6-454F-BFE3-6AFFEA6AADF2
Mon Jan 12 13:23:36 2015,yummy,179251,test,0D4366E5-FCB6-454E-9308-3B92FB85DA0D
Mon Jan 12 13:23:38 2015,yummy,160191,test,BBB4A619-D796-4D13-9A11-E6C5662B432A
Mon Jan 12 13:23:40 2015,yummy,760641,test,6791B4AA-02F7-46E6-9BBF-81E750951716
Mon Jan 12 13:23:42 2015,yummy,610019,test,BB3FA4A5-5BB2-4BCF-A277-FC636333EFE2
Mon Jan 12 13:23:44 2015,yummy,344213,test,81EDDDAC-84E2-4FA5-A64D-28B368CC9A37
Mon Jan 12 13:23:47 2015,yummy,650527,test,C2A527AB-D847-469D-8D11-4F8DA34D6238
Mon Jan 12 13:23:49 2015,yummy,490953,test,86339997-9525-4762-9F48-1B4A2A7C5376
Mon Jan 12 13:23:51 2015,yummy,646911,test,2524A695-F7B0-4CC1-BADE-5D8BDCDCEA89
Mon Jan 12 13:23:53 2015,yummy,83286,test,1B5D8A2B-9EBD-408E-85CB-3610ECEA153A
Mon Jan 12 13:23:55 2015,yummy,381087,test,DD249E4F-78A3-4249-94C1-9890B193124E
Mon Jan 12 13:23:57 2015,yummy,672154,test,6F5BA737-EB7D-4F23-9985-E3C333B3B01A
Mon Jan 12 13:23:59 2015,yummy,825899,test,ECEC7030-3DF8-4118-AF8F-7D909259D865
Mon Jan 12 13:24:01 2015,yummy,488799,test,A911A49A-9F5E-4FBF-80DF-4A4C3599FA10
Mon Jan 12 13:24:03 2015,yummy,622539,test,BD63FDAE-491E-40F1-9F57-B81199D02116
Mon Jan 12 13:24:05 2015,yummy,114817,test,99E00A66-FF31-4A48-883F-A35BD78C0244
Mon Jan 12 13:24:07 2015,yummy,225037,test,A9D22569-170D-4F78-9418-CE53765E41FB
Mon Jan 12 13:24:09 2015,yummy,573240,test,4F6A1E93-187F-4415-9EFE-ACAC84A33D49
Mon Jan 12 13:24:11 2015,yummy,34862,test,2BA58710-13A1-4D8E-85B1-B1AF7DA70A74
Mon Jan 12 13:24:13 2015,yummy,718696,test,97DEA4C7-05E4-4D1B-93C6-6B51F68886B6
Mon Jan 12 13:24:15 2015,yummy,923931,test,70F7BBEF-C28B-4B11-AF43-FE7AB2E13560
Mon Jan 12 13:24:17 2015,yummy,937374,test,F377288D-744A-4E1B-A1BE-AE95D1C50100
Mon Jan 12 13:24:19 2015,yummy,698190,test,E6C143DE-DE19-482B-8E8B-AD4D1C79ECBE
Mon Jan 12 13:24:21 2015,yummy,616757,test,493AC3C7-4E99-4844-BE46-21A7A1A9C924
Mon Jan 12 13:24:23 2015,yummy,440884,test,CFD178B2-0F46-4F77-A968-943037B59A78
Mon Jan 12 13:24:25 2015,yummy,386658,test,C2F0C87D-F833-42FE-926C-A9034E505494
Mon Jan 12 13:24:27 2015,yummy,47434,test,42D9D370-B5FD-4CD9-A3A6-6730F3142AE5
Mon Jan 12 13:24:29 2015,yummy,741140,test,A4786184-34EB-4899-94FD-8D9FB822FADC
Mon Jan 12 13:24:31 2015,yummy,531890,test,6EF7D00C-FA13-4584-9297-CC04DEC9A80A
Mon Jan 12 13:24:33 2015,yummy,984396,test,F0194B82-947F-407A-ADB3-06169F554682
Mon Jan 12 13:24:35 2015,yummy,729723,test,439A2627-5DFE-4D4E-8D99-99BA82B86FC2
Mon Jan 12 13:24:37 2015,yummy,26010,test,3DFC4FC5-3340-426B-B1C0-FDA5456D0F78
Mon Jan 12 13:24:39 2015,yummy,677873,test,9B3B60DD-33AE-44A7-A237-33880BAAEE04
Mon Jan 12 13:24:41 2015,yummy,847391,test,D13F2D7F-1D61-4878-90FE-AE5E41A5F4B1
Mon Jan 12 13:24:43 2015,yummy,723001,test,7F6C182E-0908-4C3A-8D6C-9703413021B8
Mon Jan 12 13:24:45 2015,yummy,594247,test,EF0F6C05-D4A4-4157-9721-918F0C48F787
Mon Jan 12 13:24:47 2015,yummy,383011,test,7ADEA6A2-1756-4F68-A1E1-9ADED21C928A
Mon Jan 12 13:24:49 2015,yummy,871446,test,BAFA8797-1806-459C-BFAB-227871DA7CAF
Mon Jan 12 13:24:51 2015,yummy,597523,test,341AC1C3-0DE1-4DBC-878A-A0F88A65EEFF
Mon Jan 12 13:24:53 2015,yummy,686603,test,2418C6A0-84BA-4F5C-9979-33A468C7CEB4
Mon Jan 12 13:24:55 2015,yummy,648819,test,4F2205AE-620C-4431-8809-2E2B34E24EC6
Mon Jan 12 13:24:57 2015,yummy,595082,test,65B1326A-3FF8-4E56-9D77-FAEC31A9DEB3
Mon Jan 12 13:24:59 2015,yummy,265910,test,955D85E4-A3F8-4D25-A4B9-EAFB075B1197
Mon Jan 12 13:25:01 2015,yummy,178700,test,054A1621-A414-4188-98B6-939DA3F1419D
Mon Jan 12 13:25:03 2015,yummy,286212,test,AB239DDA-5A34-48A7-9318-EE79169C682B
Mon Jan 12 13:25:05 2015,yummy,598701,test,B7894D08-8060-4A81-AC47-B5BC5C9E73F1
Mon Jan 12 13:25:07 2015,yummy,538682,test,8B39D16C-D323-425E-BE21-BDF905D693D0
Mon Jan 12 13:25:09 2015,yummy,766694,test,FCE4DA9B-1EEA-4E48-BB34-24A286FDC573
Mon Jan 12 13:25:11 2015,yummy,207015,test,6EFDEDD0-D65F-48F3-B5ED-6EC8EA4D9836
Mon Jan 12 13:25:13 2015,yummy,424465,test,43BCFFBE-D8BE-4F0E-B439-294F97157FB5
Mon Jan 12 13:25:15 2015,yummy,8453,test,F12C5D1E-8769-403A-A9B7-BC51900B70EF
Mon Jan 12 13:25:17 2015,yummy,88503,test,CE49DCDD-77E1-4BB3-964F-8B985B1D6F79
Mon Jan 12 13:25:19 2015,yummy,388952,test,B6B71774-8CEB-4F7C-9E5C-F7936C8916ED
Mon Jan 12 13:25:21 2015,yummy,674039,test,A081FF8A-56EA-494B-8ED6-0C0C02C91F55
Mon Jan 12 13:25:23 2015,yummy,345196,test,A8FAD3FD-46FA-459F-9FF5-6BB3E6518E2F
Mon Jan 12 13:25:25 2015,yummy,563776,test,F00B80C8-6DB2-4B53-AF95-7EBF939E6D53
Mon Jan 12 13:25:27 2015,yummy,741224,test,D43D87EF-8748-4A54-A672-0EA8B21048C7
Mon Jan 12 13:25:29 2015,yummy,84696,test,57DE43AA-609A-4C4C-A4E6-090A9C37586D
Mon Jan 12 13:25:31 2015,yummy,756240,test,C1C848FF-E98B-4F84-AFE1-1E03FF86CBED
Mon Jan 12 13:25:33 2015,yummy,790639,test,7946FCF8-76F7-4A70-BD1C-39805AF6AD16
Mon Jan 12 13:25:35 2015,yummy,784259,test,37FFEA2D-FE6C-45F0-987E-A67D190D9EB4
Mon Jan 12 13:25:37 2015,yummy,339968,test,1454B6C0-25BD-4F40-8A64-E4368830AB95
Mon Jan 12 13:25:39 2015,yummy,797072,test,4F0BF3C7-87DB-40F3-815D-0829BEC0B5A9
Mon Jan 12 13:25:41 2015,yummy,216480,test,A87B71D6-79F8-4EB0-95B1-158E46486DE0
Mon Jan 12 13:25:43 2015,yummy,585522,test,142528BD-E0F4-4F91-BFD3-5081C73D88B8
Mon Jan 12 13:25:45 2015,yummy,682947,test,1BA153DF-19EE-4F30-B13B-B16DDAC2760D
Mon Jan 12 13:25:47 2015,yummy,702842,test,266596DA-177C-4989-8096-2C32BDDB2C01
Mon Jan 12 13:25:49 2015,yummy,118145,test,1B01ED61-5EB5-4372-901C-5C92870E8331
Mon Jan 12 13:25:51 2015,yummy,217593,test,25C1EE9C-4010-4A91-B62D-6E43CEA801BF
Mon Jan 12 13:25:53 2015,yummy,65651,test,775AEB4C-4389-46FA-B412-2514E77405EB
Mon Jan 12 13:25:55 2015,yummy,126265,test,64C16412-7215-4BD5-A6A7-58E911B77EF0
Mon Jan 12 13:25:57 2015,yummy,876128,test,3881C791-B427-4794-8D74-BB59EC70ECBF
Mon Jan 12 13:25:59 2015,yummy,594650,test,FD17EB5F-CBA7-46DF-BC0C-8ED68634DC76
Mon Jan 12 13:26:01 2015,yummy,286620,test,8F6317ED-2A48-48FC-8477-B1654E7BA773
Mon Jan 12 13:26:03 2015,yummy,436677,test,AE40A555-154A-4F30-A4CE-6C896CBE497D
Mon Jan 12 13:26:05 2015,yummy,128283,test,822DA698-0216-48F5-95A5-0566D579C1E5
Mon Jan 12 13:26:07 2015,yummy,634525,test,A8A2AC80-478A-4C9F-A7CC-17424EADAF33
Mon Jan 12 13:26:09 2015,yummy,994595,test,8C4CCE87-EEE3-4045-AEAE-43F2CF19384B
Mon Jan 12 13:26:11 2015,yummy,269285,test,1F6AC4D4-FE67-46C6-8628-C2CBB3970182
Mon Jan 12 13:26:13 2015,yummy,739766,test,A4016783-D451-40EA-B7C7-FB928D2DB405
Mon Jan 12 13:26:15 2015,yummy,536526,test,B6ACC760-8D54-4B01-82E4-53FAA5440B41
Mon Jan 12 13:26:17 2015,yummy,425048,test,0BFA3217-64B1-4F9C-9EAD-60D41BF48CCF
Mon Jan 12 13:26:19 2015,yummy,665668,test,588552AD-D9C4-4F4A-A9D6-F6E5F27C67C6
Mon Jan 12 13:26:21 2015,yummy,54210,test,86ECBE52-209F-4A05-88FD-D0347C62E91B
Mon Jan 12 13:26:23 2015,yummy,576833,test,FACDD762-06AA-4985-8517-3C94BFE05777
Mon Jan 12 13:26:25 2015,yummy,598163,test,BCE06096-C746-4ED7-810A-98C55134DD73
Mon Jan 12 13:26:27 2015,yummy,159488,test,CF633852-537F-4E19-84A0-A4A693ED2244
Mon Jan 12 13:26:29 2015,yummy,601366,test,78DA44F2-D185-43EA-AB37-55D9E4F4D0A5
Mon Jan 12 13:26:31 2015,yummy,235777,test,CD49A027-6763-489D-A626-C0FF091236B7
Mon Jan 12 13:26:33 2015,yummy,454188,test,B0737914-4A45-441C-AA08-892FA785C7CF
Mon Jan 12 13:26:35 2015,yummy,418975,test,8EE97456-DB6A-4341-8736-93054AAE7EFF
Mon Jan 12 13:26:37 2015,yummy,161601,test,F5B663AE-AD02-4A36-93FC-6D142CBCC486
Mon Jan 12 13:26:39 2015,yummy,982475,test,D9A503DE-CE34-40D3-97E0-A817C3941D1F
Mon Jan 12 13:26:41 2015,yummy,885,test,0E59A2FB-161E-4A2B-AC75-51EC8E7FD512
Mon Jan 12 13:26:43 2015,yummy,334472,test,3A758031-B887-4BCE-ADF6-F9A57AB987F9
Mon Jan 12 13:26:45 2015,yummy,738939,test,24C4417A-41AE-4AF9-8C71-6627AD7C1092
Mon Jan 12 13:26:47 2015,yummy,465638,test,BBAF25CE-E5EB-4021-BE73-788F110A5338
Mon Jan 12 13:26:49 2015,yummy,166799,test,5C9DF994-9716-41C2-8DA5-5588BF9C498C
Mon Jan 12 13:26:51 2015,yummy,650146,test,35907B0C-57FB-404C-B857-3B7480A80C7B
Mon Jan 12 13:26:53 2015,yummy,810896,test,C414E1F4-845F-4E75-85F1-A5907654DE40
Mon Jan 12 13:26:55 2015,yummy,773982,test,16A2A7F3-3C71-4380-BD42-E770E0D4AEF0
Mon Jan 12 13:26:57 2015,yummy,315606,test,F1743700-8457-4A6F-B7ED-D067E6138D3A
Mon Jan 12 13:26:59 2015,yummy,689659,test,B4B0DC95-D0F8-4261-8E2B-50E4831E39A8
Mon Jan 12 13:27:01 2015,yummy,22747,test,3BBCEE52-B381-4EA2-9274-3A48BC5ACD54
Mon Jan 12 13:27:03 2015,yummy,430295,test,EF22713C-F8DF-418C-B3B9-F404A48AD9E6
Mon Jan 12 13:27:05 2015,yummy,605777,test,FD160CC1-6CD0-4A07-8317-EA53A241AA7F
Mon Jan 12 13:27:07 2015,yummy,362327,test,E8E0C914-7712-4316-900D-E184A63081C2
Mon Jan 12 13:27:09 2015,yummy,921383,test,8D911A63-620F-407B-9BAE-6392EB011456
Mon Jan 12 13:27:11 2015,yummy,730172,test,40AE1F52-0A90-4598-802F-55C3B797ED87
Mon Jan 12 13:27:13 2015,yummy,854838,test,9558387C-BD17-4611-B76A-11DEA63FCF31
Mon Jan 12 13:27:15 2015,yummy,296060,test,D430604F-F278-483B-9F8C-204908B15D67
Mon Jan 12 13:27:17 2015,yummy,103395,test,80F97FB5-C879-453C-AC35-3C85B94697CA
Mon Jan 12 13:27:19 2015,yummy,305710,test,2433ED6D-2D79-46FC-88C9-C8ADD29F84D3
Mon Jan 12 13:27:21 2015,yummy,769751,test,FCCAE20C-82D8-45A1-A16D-9069CF45FB4A
Mon Jan 12 13:27:23 2015,yummy,603703,test,C0CA3D3D-D24C-41B0-B92B-266DC86C8B6E
Mon Jan 12 13:27:25 2015,yummy,335061,test,907FEF25-B120-4DF2-94E6-FB9D8A24669D
Mon Jan 12 13:27:27 2015,yummy,527705,test,ABE77920-3BA5-4C6D-8EDD-C48C6320A0DB
Mon Jan 12 13:27:29 2015,yummy,269246,test,40CE6061-7908-47A8-95D3-0F4B13350529
Mon Jan 12 13:27:31 2015,yummy,818397,test,A1DC4A10-D806-4565-BF9B-4A86A2F6F6BD
Mon Jan 12 13:27:33 2015,yummy,418486,test,BFBD2D0D-7E2C-456D-96AC-C6ABE3C1EC81
Mon Jan 12 13:27:35 2015,yummy,714218,test,08059BC2-4B8B-49BE-8BDA-02F211568739
Mon Jan 12 13:27:37 2015,yummy,787768,test,68FC6960-2A70-499C-A68B-FDF72EEC1394
Mon Jan 12 13:27:39 2015,yummy,940140,test,E6192A58-DA6E-413D-8A49-1C828C9CB031
Mon Jan 12 13:27:42 2015,yummy,286255,test,0661E576-8659-4FAC-B46F-6454831FE0DF
Mon Jan 12 13:27:44 2015,yummy,511820,test,3D8D3876-99C7-4C5B-B64E-66D8C583E1AF
Mon Jan 12 13:27:46 2015,yummy,505027,test,9E6B31FE-0F38-446C-9EDC-569FD2386DEC
Mon Jan 12 13:27:48 2015,yummy,219148,test,DCC14643-F015-4164-AC6B-51D309ADC667
Mon Jan 12 13:27:50 2015,yummy,542651,test,0897884F-C040-459E-A7CA-8E7FBE301C29
Mon Jan 12 13:27:52 2015,yummy,196625,test,047DAC87-DE44-4F46-9CB7-7A26F27E6E7C
Mon Jan 12 13:27:54 2015,yummy,183823,test,7EE0B624-DD1D-40D3-89D9-1C5E2DF2A1B1
Mon Jan 12 13:27:56 2015,yummy,302022,test,1E71DDC2-DF3D-4BEE-A1C8-D8C89815F0D4
Mon Jan 12 13:27:58 2015,yummy,297198,test,DE3D26B8-1D5E-4C63-80A1-609B11B3C2E7
Mon Jan 12 13:28:00 2015,yummy,709717,test,0EFC5EA6-6973-4E0F-B0B3-377C30E71DCF
Mon Jan 12 13:28:02 2015,yummy,969002,test,075A10F0-511E-4B2C-A178-C44231305BA9
Mon Jan 12 13:28:04 2015,yummy,114764,test,EA6119AF-5758-4E2E-A595-3B05FEBB673A
Mon Jan 12 13:28:06 2015,yummy,98144,test,020E6A2F-FF73-4EA8-BB47-B4D01ACEBD13
Mon Jan 12 13:28:08 2015,yummy,715309,test,97FEDCF5-4458-4638-B23F-BE5ACE93B779
Mon Jan 12 13:28:10 2015,yummy,52167,test,0385AC35-0FF7-4571-A15F-815FE3DA5085
Mon Jan 12 13:28:12 2015,yummy,423583,test,C8054911-6F97-4E27-9621-52C22154CA2C
Mon Jan 12 13:28:14 2015,yummy,340311,test,CE1BD213-1DCF-453A-96DB-040EB267278A
Mon Jan 12 13:28:16 2015,yummy,835399,test,63DE2A5C-951E-4C8C-BEED-31A4CC1BA7DA
Mon Jan 12 13:28:18 2015,yummy,443572,test,5F70E39A-670D-4C0F-BFCB-69A50995CE82
Mon Jan 12 13:28:20 2015,yummy,362212,test,A965D741-B021-42DB-875E-244009692EA8
Mon Jan 12 13:28:22 2015,yummy,41831,test,4AD56005-601E-4EB4-8FC2-FB491BC589CF
Mon Jan 12 13:28:24 2015,yummy,972760,test,5289BA7B-81A7-4D26-AB6A-386ECA285A69
Mon Jan 12 13:28:26 2015,yummy,320830,test,8D9EAC95-3773-4F2C-A006-B50B47D3C129
Mon Jan 12 13:28:28 2015,yummy,445560,test,B6F28BBE-C164-4DA6-B0BC-3169668251BB
Mon Jan 12 13:28:30 2015,yummy,34671,test,5DFB98B4-72A9-40D4-AA4C-D9EC991633FE
Mon Jan 12 13:28:32 2015,yummy,551378,test,91FC1A06-01DE-48B9-AFA2-9A61ED432427
Mon Jan 12 13:28:34 2015,yummy,103241,test,E0944A24-0CE7-45A9-8524-1741F3FDA9BB
Mon Jan 12 13:28:36 2015,yummy,197153,test,F1CA6920-EB53-4351-9AA1-FD2BDB0109FE
Mon Jan 12 13:28:38 2015,yummy,649282,test,516ED6B3-4659-44DE-BEA5-46F2ED9668F0
Mon Jan 12 13:28:40 2015,yummy,862250,test,CE628C35-4286-4395-85A7-13764B0625F0
Mon Jan 12 13:28:42 2015,yummy,793413,test,787DE5A7-CA91-4031-BCB3-E2057FD84EC4
Mon Jan 12 13:28:44 2015,yummy,635792,test,73480998-1C2E-4326-BF37-0E84EDF28B57
Mon Jan 12 13:28:46 2015,yummy,977149,test,1BCDF4F4-2363-4981-8FC1-FA15C80A4431
Mon Jan 12 13:28:48 2015,yummy,50515,test,809D4811-7B43-4F61-9283-3E54C5A2F2A7
Mon Jan 12 13:28:50 2015,yummy,450257,test,BE9C173F-2BF1-443E-9BFD-3E661C31D4A7
Mon Jan 12 13:28:52 2015,yummy,519514,test,75240582-AFDB-43A9-9AA2-3F7D58E5FE1A
Mon Jan 12 13:28:54 2015,yummy,927808,test,1296786B-607A-4884-AE5B-DD6955B5F39E
Mon Jan 12 13:28:56 2015,yummy,680788,test,795EE52B-F356-40DF-80DC-15BD5ACF45E2
Mon Jan 12 13:28:58 2015,yummy,328215,test,4ED93DBD-02AA-43ED-B35A-C67F10E74598
Mon Jan 12 13:29:00 2015,yummy,597424,test,3B97C0B9-F16A-4E65-AD67-BDB69A3E2E32
Mon Jan 12 13:29:02 2015,yummy,47990,test,90280613-7C32-4C3E-9372-8E0297313987
Mon Jan 12 13:29:04 2015,yummy,100351,test,A55D3B42-F8EF-4086-BC8E-5740580F26CE
Mon Jan 12 13:29:06 2015,yummy,108968,test,F0C7104A-59ED-4036-B985-67E6DCC4BEFE
Mon Jan 12 13:29:08 2015,yummy,727820,test,C5FABD0F-CC2D-4C5F-A007-4E82D33C5207
Mon Jan 12 13:29:10 2015,yummy,507665,test,39704B3F-141D-4D74-A41F-D9F70A13D6A5
Mon Jan 12 13:29:12 2015,yummy,829238,test,6A09EAA4-AAC7-4EF3-B3C2-5EE81024EE05
Mon Jan 12 13:29:14 2015,yummy,338917,test,B9900768-0E43-4797-A5BC-A5823E3B4002
Mon Jan 12 13:29:16 2015,yummy,780657,test,863DA48B-D2C6-40DD-9DED-2A23E69FEDF3
Mon Jan 12 13:29:18 2015,yummy,676076,test,626AA1B1-84A5-4F8A-8697-845204ABC672
Mon Jan 12 13:29:20 2015,yummy,52652,test,9AB352DA-BD5C-4F0D-90B0-A67618D8DF87
Mon Jan 12 13:29:22 2015,yummy,196813,test,5DEFB5CC-1032-4F06-BAC1-776EADB8B448
Mon Jan 12 13:29:24 2015,yummy,840624,test,C1737C81-305D-4B85-8C1F-5A3B50ACA152
Mon Jan 12 13:29:26 2015,yummy,284290,test,60322121-D9B8-4B9C-8C46-127A507F292E
Mon Jan 12 13:29:28 2015,yummy,600472,test,366A2FF3-0183-4365-87BC-DAC59167C2A1
Mon Jan 12 13:29:30 2015,yummy,782514,test,69E1D264-8D75-4DF1-8473-C8C939BDB027
Mon Jan 12 13:29:32 2015,yummy,591539,test,151A0890-5BF8-4E57-992F-11722AE8B453
Mon Jan 12 13:29:34 2015,yummy,600902,test,1504AFFD-78BE-4EF7-A5FD-BC3A43FD2751
Mon Jan 12 13:29:36 2015,yummy,962480,test,8FFE8482-687F-4ACB-B47D-D30B93334BCC
Mon Jan 12 13:29:38 2015,yummy,424462,test,0879F6DE-E975-4F1C-8D00-EEF8339AD9DC
Mon Jan 12 13:29:40 2015,yummy,511492,test,A774CE5B-F247-4521-B702-4FAFE232A803
Mon Jan 12 13:29:42 2015,yummy,214296,test,57CA4DE9-A29D-41D6-A148-C97E68BA95A9
Mon Jan 12 13:29:44 2015,yummy,313635,test,034DC4CB-7A71-47C2-AEDE-335B5C78BA57
Mon Jan 12 13:29:46 2015,yummy,937851,test,D945DFA2-8921-4204-B711-6CD3F750CB98
Mon Jan 12 13:29:48 2015,yummy,900077,test,B2BD429B-3C34-4955-82A9-3654EE30CA97
Mon Jan 12 13:29:50 2015,yummy,626285,test,EF26E239-4B78-4406-825B-C799ACCEF73E
Mon Jan 12 13:29:52 2015,yummy,883964,test,5DB4D492-5689-4477-9F19-EC56A2E10C77
Mon Jan 12 13:29:54 2015,yummy,168401,test,F2353BA7-F1E8-47F1-BF59-E8448336339F
Mon Jan 12 13:29:56 2015,yummy,943451,test,BCD6424A-E7D9-480C-83DA-AF6F79F50EDA
Mon Jan 12 13:29:58 2015,yummy,704119,test,B47246F1-ACF1-4068-BC6B-3FDC42EA70A5
Mon Jan 12 13:30:00 2015,yummy,491096,test,3E7D4484-B905-461B-933C-32FD4A713D23
Mon Jan 12 13:30:02 2015,yummy,572106,test,FA3AA570-A25C-4774-BFFE-A9A6D092787E
Mon Jan 12 13:30:04 2015,yummy,289976,test,46415AA3-C73C-4BB9-89B7-6C152FB6D42D
Mon Jan 12 13:30:06 2015,yummy,225091,test,325CDDD1-E88C-4AD9-BA61-72F7F8986926
Mon Jan 12 13:30:08 2015,yummy,614038,test,A11DEAB6-BBBF-4D4E-864B-AF754F74C96F
Mon Jan 12 13:30:10 2015,yummy,506366,test,C6A82D19-DC2F-4700-A081-E95AAE4AB8D5
Mon Jan 12 13:30:12 2015,yummy,639437,test,E9E8A61B-53E2-44AB-A9C2-187A461E55AD
Mon Jan 12 13:30:14 2015,yummy,972553,test,95422AFE-1C0B-44D2-BF55-7C7F287051FD
Mon Jan 12 13:30:16 2015,yummy,994357,test,D8D70DE9-EAFD-46E4-BF95-EA69D2FCFB30
Mon Jan 12 13:30:18 2015,yummy,542721,test,35BAC7B7-06C6-4C6D-9F26-99F3AB006FCF
Mon Jan 12 13:30:20 2015,yummy,963613,test,A1B54F99-12DF-42FA-A1C3-D39E1291A870
Mon Jan 12 13:30:22 2015,yummy,624771,test,CDF62BFC-F708-4D36-A2EC-B30640E6F50D
Mon Jan 12 13:30:24 2015,yummy,640769,test,BAF062C0-4E4F-421A-A954-0125D8330EE2
Mon Jan 12 13:30:26 2015,yummy,609324,test,F8FE0B13-779B-440A-9A15-2B6BF75A0F8B
Mon Jan 12 13:30:28 2015,yummy,387215,test,0ACD35A8-1D0C-422E-A1AB-DF443FC8650E
Mon Jan 12 13:30:30 2015,yummy,617074,test,E7BB26C1-87BB-4A3F-9EF1-607A498BA957
Mon Jan 12 13:30:32 2015,yummy,36214,test,C6E73A82-6F68-4F54-981B-3B63E73AA145
Mon Jan 12 13:30:34 2015,yummy,488747,test,029954EC-C9C5-4C0B-90C0-8F89C6B9655A
Mon Jan 12 13:30:36 2015,yummy,818393,test,1F23118A-1DB0-4D39-9664-719F305D9A75
Mon Jan 12 13:30:38 2015,yummy,180256,test,EF7B595A-72A5-454C-83E3-1188461031A6
Mon Jan 12 13:30:40 2015,yummy,819503,test,AE61836A-780D-470D-8AC9-76D70B6AF816
Mon Jan 12 13:30:42 2015,yummy,943279,test,C136EA03-1091-41D5-89CA-5EA00C70A744
Mon Jan 12 13:30:44 2015,yummy,870419,test,00050DF3-4E14-453D-BC49-52E77B4E7E6F
Mon Jan 12 13:30:46 2015,yummy,368724,test,921E6CC3-806D-435B-9A1F-76816662FB97
Mon Jan 12 13:30:48 2015,yummy,768634,test,001E640F-D190-4EE2-BCD3-275FDBFF8176
Mon Jan 12 13:30:50 2015,yummy,28261,test,0DAA7C1C-05FF-4A29-8A68-0EC78D3C1CE2
Mon Jan 12 13:30:52 2015,yummy,844421,test,EAFF5D0E-98A6-4CBF-8B57-2787F88AFFDB
Mon Jan 12 13:30:54 2015,yummy,423769,test,DE075664-4441-4669-988F-FAF01C8F3946
Mon Jan 12 13:30:56 2015,yummy,347900,test,77857DF2-EB5E-4FCA-A5E4-D509CBE46639
Mon Jan 12 13:30:58 2015,yummy,450007,test,13CA9E17-DFBD-4C3F-A85F-631AE6AF60DD
Mon Jan 12 13:31:00 2015,yummy,821731,test,56C6A5E5-FFCC-4994-B453-3788860FCE98
Mon Jan 12 13:31:02 2015,yummy,681452,test,A86A4F8B-D9D9-4E81-A88B-DE4509F11007
Mon Jan 12 13:31:04 2015,yummy,709345,test,4AB9C0D1-1965-4B92-8AA8-13420FB97EAF
Mon Jan 12 13:31:06 2015,yummy,797451,test,96AC3FBF-C1D7-46BD-9D74-4F3948AB9937
Mon Jan 12 13:31:08 2015,yummy,658450,test,147FA4FD-7683-4905-8884-579C785258F3
Mon Jan 12 13:31:11 2015,yummy,170360,test,3F0E3403-387D-4656-9D26-F94B3D0F679B
Mon Jan 12 13:31:13 2015,yummy,940030,test,1AFE2A11-1D0F-458C-8064-EEC599084F9F
Mon Jan 12 13:31:15 2015,yummy,247877,test,AC3BD959-DEE3-43D6-A1D5-E3EFD7C58555
Mon Jan 12 13:31:17 2015,yummy,689934,test,6353B0F4-283D-4A2E-87F0-216CCB7E507D
Mon Jan 12 13:31:19 2015,yummy,369211,test,38F6BA16-8B07-4927-88F5-FF4FB2F7F166
Mon Jan 12 13:31:21 2015,yummy,614812,test,0372FC9B-E507-4FEF-AB34-02DD983F3E1A
Mon Jan 12 13:31:23 2015,yummy,742174,test,E5DDCCBD-3352-46A0-B95B-C7B4B51F5C66
Mon Jan 12 13:31:25 2015,yummy,685388,test,A71F21EB-9630-405C-AFFE-A945C507C16E
Mon Jan 12 13:31:27 2015,yummy,453502,test,FD37C491-5A17-4ECA-B25C-D5EC836FC725
Mon Jan 12 13:31:29 2015,yummy,710076,test,50D11055-57FE-4A4C-BB6A-62996061E55C
Mon Jan 12 13:31:31 2015,yummy,422264,test,80E6F598-10DB-43BD-9CEE-05FF5590BB0C
Mon Jan 12 13:31:33 2015,yummy,379445,test,DE58A77A-2D64-41B0-A707-1D9C4BA3FC9B
Mon Jan 12 13:31:35 2015,yummy,977717,test,647C849A-02D5-4390-83BE-30F3314269D6
Mon Jan 12 13:31:37 2015,yummy,533291,test,E8486DBE-F596-40FA-A41E-ACA62822ED4E
Mon Jan 12 13:31:39 2015,yummy,304224,test,C34363B7-12B6-4FFF-AC15-3D45BE9DEFD8
Mon Jan 12 13:31:41 2015,yummy,226136,test,74483E4D-BFAD-4ACF-889A-DE534F5EDB5F
Mon Jan 12 13:31:43 2015,yummy,866815,test,96FE2F95-F90E-4BC6-83EC-D0DB5576EF2D
Mon Jan 12 13:31:45 2015,yummy,167751,test,3C039E82-5AB3-4C22-871D-51DEFB6BFDC9
Mon Jan 12 13:31:47 2015,yummy,159589,test,E7CB49E4-B4D0-43B0-8D59-818DDAE70545
Mon Jan 12 13:31:49 2015,yummy,739132,test,9806376F-4A0D-4E6F-AEF2-71FB7B517805
Mon Jan 12 13:31:51 2015,yummy,957689,test,DCCDCBF9-260C-46D8-AF0C-01D846ECA36E
Mon Jan 12 13:31:53 2015,yummy,678849,test,952A1509-DF29-4CD1-A68E-0F74303BF713
Mon Jan 12 13:31:55 2015,yummy,532249,test,D763E239-E682-49EB-B516-53AC5115AF0B
Mon Jan 12 13:31:57 2015,yummy,409375,test,954A80D4-1C37-491E-90E7-FF05723A303C
Mon Jan 12 13:31:59 2015,yummy,96009,test,8C075B30-BA56-4EED-8450-479AE39CC755
Mon Jan 12 13:32:01 2015,yummy,900434,test,416E5FBC-BD5C-4C1B-89FC-29AADF85370C
Mon Jan 12 13:32:03 2015,yummy,819892,test,0DDDE3D0-A9E3-44E5-91E2-1501F4D9E225
Mon Jan 12 13:32:05 2015,yummy,126603,test,32DCF2E4-E2BF-4CF4-B9A5-7BF29A7FEDDC
Mon Jan 12 13:32:07 2015,yummy,992489,test,5D584CCF-6D7E-4D7E-8C5B-5239E4A2ACDF
Mon Jan 12 13:32:09 2015,yummy,455728,test,611AF61C-2330-421B-8A51-0B780A16FC80
Mon Jan 12 13:32:11 2015,yummy,691200,test,ADBBC2AB-9A86-44F2-947C-211B7A661AC7
Mon Jan 12 13:32:13 2015,yummy,814902,test,338CA39C-6CBF-45FE-9DA5-1E9AF6B9CA96
Mon Jan 12 13:32:15 2015,yummy,39401,test,0591F8FC-62B5-4BD1-B509-12F946F014A5
Mon Jan 12 13:32:17 2015,yummy,971085,test,95593F0A-38D1-4C38-B18C-1B52E7A00506
Mon Jan 12 13:32:19 2015,yummy,539865,test,DD5432B0-17C8-4BC9-82EB-81DC28EBEF5B
Mon Jan 12 13:32:21 2015,yummy,554844,test,B8A200DF-F2FF-409B-BB00-0089E2AB058F
Mon Jan 12 13:32:23 2015,yummy,25497,test,77F70EA5-9C4E-4665-9133-528395EB7A29
Mon Jan 12 13:32:25 2015,yummy,432163,test,FE5F6A89-0815-4546-B8B1-7EEBA43CC15B
Mon Jan 12 13:32:27 2015,yummy,644392,test,7C2C463E-15A8-4DA7-88B0-E12404D2A7B2
Mon Jan 12 13:32:29 2015,yummy,377462,test,4B81BD48-B2B5-4213-89FE-CB7ABE0B22C0
Mon Jan 12 13:32:31 2015,yummy,935845,test,7761F9E8-10D4-4379-AA37-2FB35CAE06EC
Mon Jan 12 13:32:33 2015,yummy,796396,test,8C82CD07-76C5-4B16-A77B-4E09639ECE49
Mon Jan 12 13:32:35 2015,yummy,611625,test,1D435164-7B81-4504-A8CE-B789EC88E528
Mon Jan 12 13:32:37 2015,yummy,639977,test,48F5C6D4-78F4-4E6A-89A7-9226669B8BFE
Mon Jan 12 13:32:39 2015,yummy,631160,test,E1B18493-99E7-4713-8005-20AF01DCB982
Mon Jan 12 13:32:41 2015,cheese,313720,test,9F75CA9B-3C07-4DD6-96E6-75E901B2BE98
Mon Jan 12 13:32:43 2015,yummy,138700,test,E91F2766-9E2D-49FE-B0BB-DFEC6C8263E8
Mon Jan 12 13:32:45 2015,yummy,32504,test,BE5B2532-A0F3-4842-AD93-F56B3A9F573C
Mon Jan 12 13:32:47 2015,yummy,345696,test,090952B7-C8D4-4EF4-9A1A-99B68115E6D8
Mon Jan 12 13:32:49 2015,yummy,286196,test,BB1F23E6-9ACB-4005-87C2-3452E2BEF43F
Mon Jan 12 13:32:51 2015,yummy,192069,test,5B80982B-B0C2-47E9-8D55-D69FB4A4C522
Mon Jan 12 13:32:53 2015,yummy,812099,test,FF773CD2-45F5-4FC3-BFA5-7E4E71E1E71D
Mon Jan 12 13:32:55 2015,yummy,378552,test,CCC1A61F-C09B-41D8-B696-47B49976D480
Mon Jan 12 13:32:57 2015,yummy,998478,test,BA3EC6EB-2C48-45BC-8B37-488DD091BF5C
Mon Jan 12 13:32:59 2015,yummy,136103,test,221BABFA-F34D-4C9A-8D26-64A1E0BF1483
Mon Jan 12 13:33:01 2015,yummy,449121,test,EE1898EF-3D6C-4CF8-A0D9-AB1C3933DBA9
Mon Jan 12 13:33:03 2015,yummy,663429,test,0F86B972-1F01-4FED-B953-7BA65AEA4B86
Mon Jan 12 13:33:05 2015,yummy,323014,test,13F83728-E035-461E-B23E-2A951768A7F3
Mon Jan 12 13:33:07 2015,yummy,863466,test,D3F85443-1DC3-4B63-A98E-920CC6AAB8A7
Mon Jan 12 13:33:09 2015,yummy,25537,test,ED15310C-2656-491D-92EB-DE32ADEC0BA6
Mon Jan 12 13:33:11 2015,yummy,747420,test,35FA7639-969C-4C35-9763-09F49162E38B
Mon Jan 12 13:33:13 2015,yummy,609819,test,1B629780-CC33-4585-AC90-F1AF488B00CF
Mon Jan 12 13:33:15 2015,yummy,503752,test,31E67094-21B2-47DB-9565-985F93339A58
Mon Jan 12 13:33:17 2015,yummy,110466,test,168B1241-134D-4DBE-BA50-9C43E443F558
Mon Jan 12 13:33:19 2015,yummy,79785,test,93474948-F2B8-4230-AC89-AD2EBAE315DA
Mon Jan 12 13:33:21 2015,yummy,239770,test,A5AE3128-8582-48B7-AA91-647F95C3D63E
Mon Jan 12 13:33:23 2015,yummy,188018,test,BA1FC187-1A73-4270-A5AB-8EB48F0E0452
Mon Jan 12 13:33:25 2015,yummy,510565,test,6A205A67-D23F-4E9F-BF47-468329472F8E
Mon Jan 12 13:33:27 2015,yummy,974051,test,5AF0BA6B-1518-4D53-8A04-57B954A5BE52
Mon Jan 12 13:33:29 2015,yummy,997346,test,4D4F682B-DF1A-4CB2-B4D0-FA0041232749
Mon Jan 12 13:33:31 2015,yummy,699912,test,229F59D3-5A95-40DF-8269-BAEAAF4F6EE3
Mon Jan 12 13:33:33 2015,yummy,948197,test,88B3E521-5E95-4B35-A4B4-CE188A7B796C
Mon Jan 12 13:33:35 2015,yummy,556825,test,114C8FFA-2060-4A03-8D4F-693C9F06F8B6
Mon Jan 12 13:33:37 2015,yummy,813958,test,B698A0F2-A13E-4E6E-B9F6-0BE54AFED0EA
Mon Jan 12 13:33:39 2015,yummy,677447,test,CDC69404-B9F4-4B77-B168-1C0CE62826E6
Mon Jan 12 13:33:41 2015,yummy,945498,test,438D702A-8B89-4F37-A21C-D7E05591816B
Mon Jan 12 13:33:43 2015,yummy,927963,test,197FE51B-536B-48A0-8ABF-7076D8B4DAC8
Mon Jan 12 13:33:45 2015,yummy,572411,test,D2390413-FBA0-4A2F-B260-6E3B3C6F9BB9
Mon Jan 12 13:33:47 2015,yummy,574590,test,7C9F5406-0741-4C49-8958-D3BA96023088
Mon Jan 12 13:33:49 2015,yummy,715076,test,CFC7EB1E-9871-4B1C-9DC3-DF25DE9B136B
Mon Jan 12 13:33:51 2015,yummy,431051,test,F368B8C4-EB84-482A-9C8B-49277224A358
Mon Jan 12 13:33:53 2015,yummy,438246,test,E669D5AE-7866-402A-A23F-ACDFD45A0484
Mon Jan 12 13:33:55 2015,yummy,533213,test,6D66AA9C-6CFE-4169-ADB6-81B071AA19CC
Mon Jan 12 13:33:57 2015,yummy,796289,test,454C3C45-5986-4816-800A-37C00977F57C
Mon Jan 12 13:33:59 2015,yummy,750259,test,102028E3-CDEC-4C81-8F53-3D7C7215A6AB
Mon Jan 12 13:34:01 2015,yummy,501971,test,4F909394-6436-4446-B5F2-F0D04BE4BFB3
Mon Jan 12 13:34:03 2015,yummy,41338,test,436A05FB-C225-4B50-B676-C800305D3DC2
Mon Jan 12 13:34:05 2015,yummy,288631,test,35B90295-13FE-4673-B92B-242C24F4F2E5
Mon Jan 12 13:34:07 2015,yummy,717726,test,EB654593-A957-4A32-9EAE-3EE248FCA1D7
Mon Jan 12 13:34:09 2015,yummy,550293,test,55AB83BD-C3AE-4B8B-8AC7-DE1BDF461AC8
Mon Jan 12 13:34:11 2015,yummy,103833,test,1A23165B-B085-4011-895F-8070AC0E9C15
Mon Jan 12 13:34:13 2015,yummy,470119,test,04E30D48-6814-4D2B-ABFE-3F0550CC0E36
Mon Jan 12 13:34:15 2015,yummy,520671,test,D824E096-E4A1-4A61-8E1C-E1E481491355
Mon Jan 12 13:34:17 2015,yummy,222949,test,B0A3954A-B3CA-428F-B9DF-A81889B90B1E
Mon Jan 12 13:34:19 2015,yummy,170689,test,80E9D59D-3B45-46D8-BAC9-B1B9308CA352
Mon Jan 12 13:34:21 2015,yummy,138801,test,CC6086B4-B8E7-4A13-B24C-BCE7DA1455DF
Mon Jan 12 13:34:23 2015,yummy,53812,test,122F3929-3811-46A1-8309-6E59CF00C198
Mon Jan 12 13:34:25 2015,yummy,108684,test,F5861C98-0491-46D6-AA0B-E08CB3AFD46B
Mon Jan 12 13:34:27 2015,yummy,252778,test,1D56AA1D-880C-40AE-A6FB-C75D082B0450
Mon Jan 12 13:34:29 2015,yummy,360173,test,A1E1F822-5D9C-4BB3-83C7-F0102E95306D
Mon Jan 12 13:34:31 2015,yummy,662653,test,A96E49CE-D7D6-43D4-A5AC-8DC6BDB4BDEE
Mon Jan 12 13:34:33 2015,yummy,959027,test,0E043D42-8742-4120-AEDE-53806AC7418A
Mon Jan 12 13:34:35 2015,yummy,205867,test,8CD03AA3-1D44-4A1A-B1E1-408A008C41E0
Mon Jan 12 13:34:37 2015,yummy,263814,test,9F95F0BE-770B-4192-91A6-420303E07526
Mon Jan 12 13:34:39 2015,yummy,487441,test,76514685-D19F-492F-BB2A-381B83CF625E
Mon Jan 12 13:34:41 2015,yummy,887216,test,C80841D0-9D91-4CB7-A797-A42CF597AB4D
Mon Jan 12 13:34:43 2015,yummy,733811,test,347B4EEB-7570-4059-BC63-7EF9C10999D7
Mon Jan 12 13:34:45 2015,yummy,820694,test,A5BC0508-A3E9-4F35-88E7-DA7F5501B106
Mon Jan 12 13:34:48 2015,yummy,144545,test,B3120E5C-C1AE-4517-8978-F852A1CFE4E7
Mon Jan 12 13:34:50 2015,yummy,422753,test,F9AA285D-1A4A-4648-A603-E42886783E28
Mon Jan 12 13:34:52 2015,yummy,107837,test,DEE592BD-2A29-4D0E-8C70-4825A8FB3186
Mon Jan 12 13:34:54 2015,yummy,1054,test,4CAACE22-F89F-40F6-8ECA-712C266C501A
Mon Jan 12 13:34:56 2015,yummy,998592,test,50CA1EC7-EBE9-4389-9F31-50420AE5D023
Mon Jan 12 13:34:58 2015,yummy,626406,test,69D9296E-708C-41CC-B6EE-A65FFDA8ADC1
Mon Jan 12 13:35:00 2015,yummy,230150,test,C20220A4-3A52-418D-BCE2-904260620A87
Mon Jan 12 13:35:02 2015,yummy,604566,test,9C973C68-1D99-4D91-8FCC-4FA3969FFD31
Mon Jan 12 13:35:04 2015,yummy,789709,test,543A7511-5CE7-4D4D-85B1-99FEE0D71F1C
Mon Jan 12 13:35:06 2015,yummy,168091,test,5A95837B-09B7-48AD-871B-F1C902F662FF
Mon Jan 12 13:35:08 2015,yummy,499510,test,559AA81C-4623-48D3-80F3-5443955A53EF
Mon Jan 12 13:35:10 2015,yummy,253480,test,60AE02E8-ED99-402B-88E7-8596184AA87B
Mon Jan 12 13:35:12 2015,yummy,718650,test,7AEBE44B-E58D-4363-8483-EDCDA887C5C7
Mon Jan 12 13:35:14 2015,yummy,628895,test,3D420DAA-B3E3-40F8-8645-324D7D92C030
Mon Jan 12 13:35:16 2015,yummy,929686,test,FEB0DCE8-16F4-4527-B271-8D045BCC606C
Mon Jan 12 13:35:18 2015,yummy,320106,test,2D41CDC1-3C76-4094-B0F9-D5E441B8374C
Mon Jan 12 13:35:20 2015,yummy,169661,test,6B9FA170-6BBD-4D4D-830D-F73A79B33ACE
Mon Jan 12 13:35:22 2015,yummy,122002,test,0E00B527-42EC-4770-8558-29B07B8F3832
Mon Jan 12 13:35:24 2015,yummy,297796,test,5B724131-1DC5-4EBF-BB4F-3B341FC41933
Mon Jan 12 13:35:26 2015,yummy,837196,test,89835A4D-F290-48D9-ABF8-ED3FD10348F2
Mon Jan 12 13:35:28 2015,yummy,305806,test,122FE59B-7807-4E77-B699-F490D730D7E9
Mon Jan 12 13:35:30 2015,yummy,214574,test,28EA92F3-B16E-49E4-AADE-BBAA8CAE8EA5
Mon Jan 12 13:35:32 2015,yummy,380546,test,82E9AF2B-E7D0-4A44-A6B0-9EB4F4E4E7B0
Mon Jan 12 13:35:34 2015,yummy,19393,test,23C3582E-0417-4179-8569-5089E7EFDA37
Mon Jan 12 13:35:36 2015,yummy,621610,test,47E7AD64-8D1C-48C1-804C-54E1060257CE
Mon Jan 12 13:35:38 2015,yummy,668374,test,1F5307A7-C971-463A-925C-0E385CF76AA9
Mon Jan 12 13:35:40 2015,yummy,897451,test,DD454925-1303-4EA3-A80B-DF8FBCF4F656
Mon Jan 12 13:35:42 2015,yummy,852049,test,0586A6BE-6E2F-449F-81B4-BDFFB54D574D
Mon Jan 12 13:35:44 2015,yummy,828714,test,F49CE494-64FE-4FC9-95A5-5FD379F8FBE3
Mon Jan 12 13:35:46 2015,yummy,561572,test,106A3652-2F98-4A9F-9861-215FEE24B59F
Mon Jan 12 13:35:48 2015,yummy,899623,test,7B976AA3-1361-4B42-89E2-ED7929AA9E5A
Mon Jan 12 13:35:50 2015,yummy,117383,test,2E6C8E95-4F63-4E1D-BC95-C4A5BD5C5888
Mon Jan 12 13:35:52 2015,yummy,905454,test,424B2461-A14C-44B6-BEAE-E613AD325B7B
Mon Jan 12 13:35:54 2015,yummy,283610,test,8C96E729-29A9-41C0-B9E3-93778C59073D
Mon Jan 12 13:35:56 2015,yummy,502075,test,79D48ACB-71D9-4673-B6EA-CEE6B3A489F5
Mon Jan 12 13:35:58 2015,yummy,204693,test,FF55DEA3-C398-4692-80D1-F96A63D53A2F
Mon Jan 12 13:36:00 2015,yummy,812645,test,D6B494B5-ED52-4865-BA12-52E9941286CE
Mon Jan 12 13:36:02 2015,yummy,850862,test,F386A889-FE01-4A95-B22F-8D5935DC5077
Mon Jan 12 13:36:04 2015,yummy,991239,test,DDF6FF50-E72E-406D-AC80-10FA95349E76
Mon Jan 12 13:36:06 2015,yummy,459230,test,58EEA1B1-1F8F-4E47-A116-01FD5FA8088F
Mon Jan 12 13:36:08 2015,yummy,895160,test,69C9B0EC-41C0-46B1-9FEE-330C31C23745
Mon Jan 12 13:36:10 2015,yummy,130389,test,ABC5633D-7FED-4A05-A5D3-8191098CB6F4
Mon Jan 12 13:36:12 2015,yummy,85325,test,03C23D07-96BE-4ED4-A6E7-32325664FB3C
Mon Jan 12 13:36:14 2015,yummy,672322,test,A991A58E-C24B-49E2-9931-50432A2B9320
Mon Jan 12 13:36:16 2015,yummy,810323,test,DE01B5D6-F1B3-485A-B11F-E9D1E0E1F726
Mon Jan 12 13:36:18 2015,yummy,305094,test,F9905CA5-197C-4150-B277-FED8DA8620F1
Mon Jan 12 13:36:20 2015,yummy,73967,test,C4F982E7-6388-4A33-8867-E7C1D8E30E58
Mon Jan 12 13:36:22 2015,yummy,502636,test,608A93F2-CD4C-4404-8D90-A9403784E62C
Mon Jan 12 13:36:24 2015,yummy,485583,test,53B0C672-F3ED-4E89-AA8B-A3B3DAF95D07
Mon Jan 12 13:36:26 2015,yummy,204609,test,A12C38F7-0035-462E-8678-FDD376C53775
Mon Jan 12 13:36:28 2015,yummy,509351,test,660A13FB-7243-49F9-99C9-EF4A4297B514
Mon Jan 12 13:36:30 2015,yummy,185330,test,67D122ED-29FE-4C5F-B856-FD4D3FCF171C
Mon Jan 12 13:36:32 2015,yummy,973932,test,A51E33EB-069D-4E8D-8A21-6613FCFBF898
Mon Jan 12 13:36:34 2015,yummy,666370,test,32DB0150-CF3F-40A5-A611-6B031C4D2999
Mon Jan 12 13:36:36 2015,yummy,310672,test,7FE4DFB3-EF20-4495-8BAF-5493D0FAD53D
Mon Jan 12 13:36:38 2015,yummy,262717,test,B1F3EED9-F485-46F9-9D2C-7A70D745505A
Mon Jan 12 13:36:40 2015,yummy,588179,test,BCFF29BC-A180-4D38-BF78-82333736C45F
Mon Jan 12 13:36:42 2015,yummy,600226,test,23B9982B-83CF-4B12-993A-1E1243157817
Mon Jan 12 13:36:44 2015,yummy,527661,test,6AB3E43B-ABF7-44D4-BBB7-78A003F08451
Mon Jan 12 13:36:46 2015,yummy,328442,test,B76EA2FC-6D6C-4ABE-BD09-F74CA4171F34
Mon Jan 12 13:36:48 2015,yummy,625263,test,790BC01F-C1AD-47DF-BA6F-A4F36FA72F8C
Mon Jan 12 13:36:50 2015,yummy,893007,test,874BC901-87DE-4CFF-AFE7-52CB3006F400
Mon Jan 12 13:36:52 2015,yummy,490165,test,1C42AE40-0639-4E15-BD3E-E598BA331A5B
Mon Jan 12 13:36:54 2015,yummy,878803,test,CDE7F537-F951-402B-A399-DB19E137291C
Mon Jan 12 13:36:56 2015,yummy,687675,test,C0F3B452-6A39-4813-A6F8-869CF5D4C05A
Mon Jan 12 13:36:58 2015,yummy,207719,test,D130A77A-D815-4D12-B8A0-BDDD941DE00B
Mon Jan 12 13:37:00 2015,yummy,756061,test,FEE400E0-6B01-412C-885B-6C0D0F03360A
Mon Jan 12 13:37:02 2015,yummy,412389,test,4DC93D01-D156-482B-A9A7-2BF59173B808
Mon Jan 12 13:37:04 2015,yummy,747741,test,C4BD53E9-D529-4D2E-AA84-0AACAA4BF11E
Mon Jan 12 13:37:06 2015,yummy,371956,test,466F3803-13B1-4570-9945-349A7B4D60F7
Mon Jan 12 13:37:08 2015,yummy,718449,test,3B43E16B-E4D1-4BD6-A19D-DC1A970C30B3
Mon Jan 12 13:37:10 2015,yummy,405727,test,35C4BAD2-5B87-4F16-BC12-ECFE97F48B1B
Mon Jan 12 13:37:12 2015,yummy,936667,test,14C358EC-5AF2-47DF-A9FA-754D7573740A
Mon Jan 12 13:37:14 2015,yummy,694077,test,4546C95F-57AB-4534-8C54-C05AE120F460
Mon Jan 12 13:37:16 2015,yummy,208014,test,82926F9F-5308-4AFF-ADD1-A81F05A850AE
Mon Jan 12 13:37:18 2015,yummy,852013,test,A5700FAF-7B80-47CE-92F9-6B24D4D6B2C6
Mon Jan 12 13:37:20 2015,yummy,657079,test,7A3D7353-F98E-4604-999A-6B5E2A1272FE
Mon Jan 12 13:37:22 2015,yummy,741398,test,8211CC8B-747E-40DD-A2BB-7B0B5E538196
Mon Jan 12 13:37:24 2015,yummy,143324,test,CD79F022-2818-4836-BF6E-FD3CE109A40D
Mon Jan 12 13:37:26 2015,yummy,706595,test,13DCF8F9-92B4-4C6C-9C99-CA628A470D48
Mon Jan 12 13:37:28 2015,yummy,176230,test,5F8AF5B2-5279-4DC9-84BA-0C3112B3F55B
Mon Jan 12 13:37:30 2015,yummy,925750,test,ADC619B2-FAEB-4DB6-B7A9-1CB1BF9E2316
Mon Jan 12 13:37:32 2015,yummy,659708,test,A9E00714-A8C2-4179-9FE4-F00B2533A98A
Mon Jan 12 13:37:34 2015,yummy,1693,test,991FDAB1-5C76-4D4B-A47F-16259165A287
Mon Jan 12 13:37:36 2015,yummy,846553,test,3169F391-D289-4255-A3F9-DC346D1C17D8
Mon Jan 12 13:37:38 2015,yummy,497115,test,29783DBD-A74E-4C1E-93FC-1AB73265C268
Mon Jan 12 13:37:40 2015,yummy,58223,test,ECB5643C-C84E-4305-96E2-8B13CA5FB0F4
Mon Jan 12 13:37:42 2015,yummy,129691,test,3431E0C4-B6D8-4CFC-A306-A45D73B22CBC
Mon Jan 12 13:37:44 2015,yummy,588016,test,F056C72B-5C89-4284-9B90-52F78FD0CFEA
Mon Jan 12 13:37:46 2015,yummy,90675,test,79AE61AC-3294-467B-B879-7B4A16716905
Mon Jan 12 13:37:48 2015,yummy,935319,test,388ED7B4-9D79-4406-8968-981273E0DA28
Mon Jan 12 13:37:50 2015,yummy,45301,test,FC10F14C-567E-4B5A-8C26-888F76AF3B18
Mon Jan 12 13:37:52 2015,yummy,148420,test,C76F063B-8B98-4A5C-9F11-0612813E2A0B
Mon Jan 12 13:37:54 2015,yummy,916615,test,5800DC71-4FA8-4BBE-9034-5196168569B7
Mon Jan 12 13:37:56 2015,yummy,509442,test,77F22C58-8B88-4313-B51E-9FD33025208F
Mon Jan 12 13:37:58 2015,yummy,989056,test,39CFA491-6165-4D5F-B675-EBEF13182533
Mon Jan 12 13:38:00 2015,yummy,906957,test,FCF1CDFB-19D7-4EDC-94B2-0269B50AE3B9
Mon Jan 12 13:38:02 2015,yummy,651495,test,9FBABB41-DB57-4695-A91D-35FB1302C1E0
Mon Jan 12 13:38:04 2015,yummy,184399,test,349C9E94-4909-4783-ABAD-07C114693482
Mon Jan 12 13:38:06 2015,yummy,15429,test,98321166-AD08-4082-8B33-65F13DE3E2D1
Mon Jan 12 13:38:08 2015,yummy,904734,test,A671B6FE-817E-4A58-9EB8-CF3DD9F8E883
Mon Jan 12 13:38:10 2015,yummy,476580,test,B3EB04C3-E16F-4194-93DF-2917B84DA70B
Mon Jan 12 13:38:12 2015,yummy,965521,test,B9A40DD7-2312-4589-8F1A-017F7D1AAEB8
Mon Jan 12 13:38:15 2015,yummy,736497,test,3327254D-2FCD-4DC0-BCDC-FC37FB5381FD
Mon Jan 12 13:38:17 2015,yummy,253547,test,9720CB42-0BF1-4484-BAD1-5823C66565D2
Mon Jan 12 13:38:19 2015,yummy,919309,test,AC8C8EB7-404F-4623-86C0-BA02D1EE6AD1
Mon Jan 12 13:38:21 2015,yummy,361004,test,CF175637-FB4E-40EA-A370-E9696C3DAF26
Mon Jan 12 13:38:23 2015,yummy,525402,test,54DE65C6-CD24-49DB-8B78-6E6C06EEAB35
Mon Jan 12 13:38:25 2015,yummy,798846,test,116B063F-09B1-434C-AD23-841D534144EC
Mon Jan 12 13:38:27 2015,yummy,862038,test,B9F41F12-2B94-4717-B3D5-42F690E7FE12
Mon Jan 12 13:38:29 2015,yummy,698334,test,7269EFE7-4C48-4D53-A172-B29688BF8C98
Mon Jan 12 13:38:31 2015,yummy,112140,test,3D7B9BCA-454C-427A-8958-5713BEFA4606
Mon Jan 12 13:38:33 2015,yummy,680838,test,61A9F907-EE7F-4BAB-84A8-5DC57960ED77
Mon Jan 12 13:38:35 2015,yummy,475768,test,3F0A6420-90CD-46CA-9C2C-7820FDF11BC4
Mon Jan 12 13:38:37 2015,yummy,408157,test,A29DE0F3-BC69-4280-A0A1-BA7D28D4EAD7
Mon Jan 12 13:38:39 2015,yummy,337654,test,5D4EA753-6887-41A5-835B-6F2304DB82FE
Mon Jan 12 13:38:41 2015,yummy,363115,test,3EE64B8D-5ADD-479F-8BF0-0C63CD5FDF20
Mon Jan 12 13:38:43 2015,yummy,869805,test,F065B309-6F6C-48F4-B5EE-7CAA379A4BC0
Mon Jan 12 13:38:45 2015,yummy,272534,test,17DEF57D-31F6-45C7-AC5C-5A4A7F9D5503
Mon Jan 12 13:38:47 2015,yummy,491347,test,4289BB6E-C05B-434C-AD0B-627F12AF8697
Mon Jan 12 13:38:49 2015,yummy,473660,test,26C8710F-C796-4270-A088-FEADB798A4DE
Mon Jan 12 13:38:51 2015,yummy,891051,test,3CBE5201-9B40-4098-8D9C-FCC8965BEE9D
Mon Jan 12 13:38:53 2015,yummy,101381,test,7948ABD0-48D1-45B1-9E03-CD02FBC6AA17
Mon Jan 12 13:38:55 2015,yummy,463310,test,14461EA2-4F6D-422C-A1AB-616BCB9A8744
Mon Jan 12 13:38:57 2015,yummy,948875,test,4273EFEA-A129-499F-A208-00A9DA7C51FF
Mon Jan 12 13:38:59 2015,yummy,994050,test,BD53E867-EC02-4D0F-B6BF-10FD75ADBFFC
Mon Jan 12 13:39:01 2015,yummy,943297,test,80FBB0C3-7A62-4F32-A18E-1F1D20821D3E
Mon Jan 12 13:39:03 2015,yummy,107710,test,1273B68B-B881-4B60-B3B6-FC867A09D4C2
Mon Jan 12 13:39:05 2015,yummy,86184,test,6DB84185-B65B-4E2B-9AE6-2F3F2A4FF65C
Mon Jan 12 13:39:07 2015,yummy,186246,test,CABAAFD7-49A9-4BAA-B7CB-BB0DD8FFE998
Mon Jan 12 13:39:09 2015,yummy,111536,test,83C84A1F-413C-4330-926A-6B0D7A654369
Mon Jan 12 13:39:11 2015,yummy,90386,test,75454F5C-D277-4FB1-8349-52021E1AC58A
Mon Jan 12 13:39:13 2015,yummy,121453,test,DCEEC1C4-59E2-4733-B3F6-DBEDFA8AE3CB
Mon Jan 12 13:39:15 2015,yummy,248464,test,79A09614-959B-402F-A2A4-4C7F5BE54428
Mon Jan 12 13:39:17 2015,yummy,821907,test,2F798EF2-BB8C-4A26-BE3D-B7D884E66D96
Mon Jan 12 13:39:19 2015,yummy,825000,test,540D08C9-1BE8-49B3-B813-B459AAC1A7C6
Mon Jan 12 13:39:21 2015,yummy,358875,test,FB913093-59EB-4B87-ACA0-E0755BE71B67
Mon Jan 12 13:39:23 2015,yummy,270875,test,614C8088-5AC1-4DA3-9EBC-2BF75F505B74
Mon Jan 12 13:39:25 2015,yummy,609861,test,770FDD1F-BE21-4984-B5A4-8E894D6B4067
Mon Jan 12 13:39:27 2015,yummy,271765,test,8701DB7F-E33A-484F-87ED-F6F8CA5448AC
Mon Jan 12 13:39:29 2015,yummy,26054,test,9C4D402D-71C4-47D9-B7F7-455A3FBA33F5
Mon Jan 12 13:39:31 2015,yummy,827364,test,7744BF9F-CBFC-44DC-8825-5F031C9B6F05
Mon Jan 12 13:39:33 2015,yummy,384523,test,B52941D0-2956-480E-A984-CB89CE66B758
Mon Jan 12 13:39:35 2015,yummy,655374,test,C2EB2F12-1EBD-4835-868C-32D79E49202C
Mon Jan 12 13:39:37 2015,yummy,316975,test,2C9E6EC0-5538-4E06-A67E-B59865474533
Mon Jan 12 13:39:39 2015,yummy,149777,test,FAB8C562-4CFB-49E7-A634-AEED900EA688
Mon Jan 12 13:39:41 2015,yummy,657063,test,D0A6D5A4-D2C8-498D-8887-31BF0F3D285D
Mon Jan 12 13:39:43 2015,yummy,969194,test,00F4788F-97CE-477F-A133-2842C272B529
Mon Jan 12 13:39:45 2015,yummy,259562,test,5E5A3CE9-A03A-4C7D-BFB8-67C00C4CD49A
Mon Jan 12 13:39:47 2015,yummy,537144,test,770B3C6D-372B-4B91-8689-FD2D019D83CF
Mon Jan 12 13:39:49 2015,yummy,271545,test,45F2B20D-FC71-4446-BB58-90E743FA6A09
Mon Jan 12 13:39:51 2015,yummy,276798,test,B01C30EF-691A-4AE5-8247-2F95CB196513
Mon Jan 12 13:39:53 2015,yummy,420046,test,DD9D8843-FE03-42C1-A7C9-FAF697A060F1
Mon Jan 12 13:39:55 2015,yummy,38311,test,B372951A-F7DC-4EE0-B21F-851A68DAD55A
Mon Jan 12 13:39:57 2015,yummy,693515,test,5FDA7DB3-EB8D-4949-A910-B37D6B419660
Mon Jan 12 13:39:59 2015,yummy,745801,test,D5A7C7D3-A2B4-4B70-AA56-2326A4FB299B
Mon Jan 12 13:40:01 2015,yummy,178843,test,2565F0D8-CC74-41BD-8C3F-4335B65E451B
Mon Jan 12 13:40:03 2015,yummy,539869,test,5141D078-EC5F-4B1F-AEFB-5BDB076DF6FA
Mon Jan 12 13:40:05 2015,yummy,353320,test,682A745E-738B-4E54-9609-A095BF48A007
Mon Jan 12 13:40:07 2015,yummy,389553,test,80827364-68DD-41E7-9EBD-97A9FB220148
Mon Jan 12 13:40:09 2015,yummy,605768,test,3B1C6152-A683-4152-8407-4799C80C8E46
Mon Jan 12 13:40:11 2015,yummy,650789,test,A6BC0DF8-713F-427D-A19C-442770090A91
Mon Jan 12 13:40:13 2015,yummy,679048,test,7B8B1B6C-F027-4956-967C-CC92E3FFAAD9
Mon Jan 12 13:40:15 2015,yummy,127184,test,56718F06-0BEE-4289-BDF1-C413644C82CF
Mon Jan 12 13:40:17 2015,yummy,377882,test,23B88686-6A35-408A-940E-60E4EB5ECA36
Mon Jan 12 13:40:19 2015,yummy,842380,test,3327DD82-4F8B-4EF6-AB06-EA2728ADF4FF
Mon Jan 12 13:40:21 2015,yummy,722496,test,EBCC2D1E-6FA3-4C49-997C-4BCEE5C3E73A
Mon Jan 12 13:40:23 2015,yummy,869879,test,E7B7F43B-C71F-4D30-9769-79354FC69990
Mon Jan 12 13:40:25 2015,yummy,851021,test,848FE1DD-3261-455E-ABC8-25072BBDB5DF
Mon Jan 12 13:40:27 2015,yummy,834291,test,1EB15900-0984-4336-A3ED-E841E97DD6EC
Mon Jan 12 13:40:29 2015,yummy,818515,test,DAE1CE85-6C57-44D1-B06F-B5D0CD085C96
Mon Jan 12 13:40:31 2015,yummy,409906,test,6F64B2D7-BA42-40E2-9E78-298F13054D52
Mon Jan 12 13:40:33 2015,yummy,274073,test,B86CA6C7-B978-46DF-B46A-A402251590EF
Mon Jan 12 13:40:35 2015,yummy,137144,test,A000FB28-B297-4452-B9E4-F7BD9868D724
Mon Jan 12 13:40:37 2015,yummy,614152,test,47F6B4FF-625B-40A4-B1C3-198E4D130054
Mon Jan 12 13:40:39 2015,yummy,328190,test,FDC32B47-D71D-4488-A19A-748CCD8EBF15
Mon Jan 12 13:40:41 2015,yummy,259445,test,916CD78E-E370-46F3-9D89-DDF107391B6C
Mon Jan 12 13:40:43 2015,yummy,408490,test,3D355C74-D00E-4BB2-A49D-A4941242B7D0
Mon Jan 12 13:40:45 2015,yummy,353288,test,CB43B8B0-0794-4B85-A9A6-22F38D10D1AF
Mon Jan 12 13:40:47 2015,yummy,486293,test,4A40B8FD-74EA-4E1D-99B8-2186B1688B41
Mon Jan 12 13:40:49 2015,yummy,358283,test,7B47A8E5-6287-42C5-A2C4-7FFF6DE1FEEC
Mon Jan 12 13:40:51 2015,yummy,55188,test,F170B144-F88F-4067-86DE-798E532F3472
Mon Jan 12 13:40:53 2015,yummy,251907,test,F93DF51D-655A-4C89-BC65-3D53CA662BE3
Mon Jan 12 13:40:55 2015,yummy,859989,test,D0088678-A2FD-432F-ADC3-36DACB68A8F0
Mon Jan 12 13:40:57 2015,yummy,877051,test,1F4A2877-CDD9-4A1B-9A9C-9C274BFB0AA3
Mon Jan 12 13:40:59 2015,yummy,541843,test,ACF14EEF-BCF0-4D5C-9177-62295929213F
Mon Jan 12 13:41:01 2015,yummy,598980,test,FED44857-4CB1-410E-A54F-C4AF056D4999
Mon Jan 12 13:41:03 2015,yummy,75677,test,94F6C03B-DC3D-40C1-95C1-8F6439C4D6C5
Mon Jan 12 13:41:05 2015,yummy,683778,test,B2D204A2-6C5F-4452-8910-72F39D49C020
Mon Jan 12 13:41:07 2015,yummy,626794,test,781D1C75-5F31-433E-A640-59A07E008170
Mon Jan 12 13:41:09 2015,yummy,271528,test,560325F2-3D61-4BA4-B89C-30E39434E50A
Mon Jan 12 13:41:11 2015,yummy,489512,test,F926146B-F548-4A3B-8F5F-52B6F94752DF
Mon Jan 12 13:41:13 2015,yummy,536083,test,90F6AD41-AEF1-462A-9E1F-D91F98CFEC78
Mon Jan 12 13:41:15 2015,yummy,245475,test,D90C71D9-7B28-4B9E-9A6F-C986695120BB
Mon Jan 12 13:41:17 2015,yummy,266197,test,3AC54652-1688-47C1-9C6E-1345B4034CF5
Mon Jan 12 13:41:19 2015,yummy,604805,test,7D69E2C0-793B-4E33-A2B2-C96B22245C26
Mon Jan 12 13:41:21 2015,yummy,595873,test,7C2BFDCB-2F33-40DA-9AE9-BE8CCCE8B794
Mon Jan 12 13:41:23 2015,yummy,762249,test,38EDA4AE-42AC-47B9-8A83-DA99B8FD0743
Mon Jan 12 13:41:25 2015,yummy,683116,test,A256177D-4466-447A-A9B7-2EBD25667A3E
Mon Jan 12 13:41:27 2015,yummy,49293,test,248CA01E-2F1A-4989-9D53-8376098A4381
Mon Jan 12 13:41:29 2015,yummy,32202,test,4968AC6C-914A-41FE-8C82-421FC63FD9DF
Mon Jan 12 13:41:31 2015,yummy,598302,test,9880FF56-8147-40BA-A86E-4CF217B79812
Mon Jan 12 13:41:33 2015,yummy,113772,test,74FF65C2-1582-4689-BF84-C82BEF8B34B5
Mon Jan 12 13:41:35 2015,yummy,863910,test,C0657496-FA43-4A2B-9F04-4C859AD3B356
Mon Jan 12 13:41:38 2015,yummy,537182,test,D04DA333-07AB-4CB2-8F46-71F5F69CE2CB
Mon Jan 12 13:41:40 2015,yummy,862778,test,464ED2EC-F935-4DA2-AC7A-55882CFE7555
Mon Jan 12 13:41:42 2015,yummy,298795,test,C0D42494-FCA6-4FBC-B339-D2964DE960DE
Mon Jan 12 13:41:44 2015,yummy,13251,test,184400F5-7817-4E97-8F11-83DF8D049F7B
Mon Jan 12 13:41:46 2015,yummy,851238,test,067106CC-ECE9-475A-AC82-29D725295E54
Mon Jan 12 13:41:48 2015,yummy,130441,test,060C2089-07AA-4A74-90DD-D449C96167D8
Mon Jan 12 13:41:50 2015,yummy,152896,test,9000DF55-14DC-4A39-8C81-77463689C649
Mon Jan 12 13:41:52 2015,yummy,479971,test,E1088C7E-DB89-4DD3-B9B1-7AC72FC38C41
Mon Jan 12 13:41:54 2015,yummy,2594,test,122D3D9B-6EBF-497B-AA44-C0BB4790644D
Mon Jan 12 13:41:56 2015,yummy,250911,test,8B76CACC-7BCE-4707-890C-7CF10FCF8D9D
Mon Jan 12 13:41:58 2015,yummy,174883,test,7EFB1DAF-754C-4699-9ED4-0CB674FC4A51
Mon Jan 12 13:42:00 2015,yummy,106598,test,0091678B-9C62-4C37-9BBF-028419543C08
Mon Jan 12 13:42:02 2015,yummy,479072,test,B88042AD-7937-4633-9DC5-07C382264330
Mon Jan 12 13:42:04 2015,yummy,386666,test,2811003B-4FB0-4E3E-9943-1EE3AD9C85F1
Mon Jan 12 13:42:06 2015,yummy,945763,test,F7E3582E-01DA-4395-AA5E-0CBAFD2610A4
Mon Jan 12 13:42:08 2015,yummy,194994,test,1607A472-1728-46A7-9757-A173517B1A58
Mon Jan 12 13:42:10 2015,yummy,363603,test,A35F0E7C-C919-4F20-B42E-42731FE0018D
Mon Jan 12 13:42:12 2015,yummy,969867,test,76FBE637-976E-4EA4-8C3E-C0399B67BEC3
Mon Jan 12 13:42:14 2015,yummy,895830,test,4EB47F9A-1400-461D-AD95-3D6230C854B4
Mon Jan 12 13:42:16 2015,yummy,352718,test,2BA1C566-D78B-4402-A4EF-EFBE5B8983F0
Mon Jan 12 13:42:18 2015,yummy,51915,test,465196AF-659A-49FD-8785-BFB9CA8E5899
Mon Jan 12 13:42:20 2015,yummy,67621,test,DDD8134D-23CC-46B8-9287-9CC6B46F3051
Mon Jan 12 13:42:22 2015,yummy,23783,test,3D51875A-B0FE-42F3-A495-428748584CEC
Mon Jan 12 13:42:24 2015,yummy,914667,test,798E3B93-8D61-48E5-B92A-A90D26978F60
Mon Jan 12 13:42:26 2015,yummy,333393,test,F388CDCF-A302-4008-83E0-F14326571EA0
Mon Jan 12 13:42:28 2015,yummy,643152,test,BC7579F7-4DBE-42E9-8F75-318116CB3278
Mon Jan 12 13:42:30 2015,yummy,461819,test,57A1B3A7-F540-4862-8159-919B1A7CFDD1
Mon Jan 12 13:42:32 2015,yummy,585394,test,F2AF7BB4-A36B-4E59-9244-653F6F560CC5
Mon Jan 12 13:42:34 2015,yummy,734080,test,E69751B5-C2ED-4150-9EBE-1958501E7311
Mon Jan 12 13:42:36 2015,yummy,303789,test,CD6E1DF2-2900-4901-AC7C-341F258D9D70
Mon Jan 12 13:42:38 2015,yummy,88101,test,4F1B4948-B1D4-4C43-83F5-A2D8FA0E3B00
Mon Jan 12 13:42:40 2015,yummy,501550,test,34F0C3E0-B825-4225-8A87-5379008195AE
Mon Jan 12 13:42:42 2015,yummy,302078,test,72468AF3-9E80-472C-BF3E-F6CAB8556201
Mon Jan 12 13:42:44 2015,yummy,508407,test,732D5475-1C94-4DC5-80B8-3CA10459718C
Mon Jan 12 13:42:46 2015,yummy,132697,test,D441A590-3533-4764-9AA7-7C010E6854B2
Mon Jan 12 13:42:48 2015,yummy,354149,test,078A741B-1613-4D88-B3C3-30AF46A16B92
Mon Jan 12 13:42:50 2015,yummy,746501,test,060942A6-6B2B-4ACE-B302-939C74184B1D
Mon Jan 12 13:42:52 2015,yummy,555626,test,A6180E79-8C73-478D-8E10-0779F224E8EF
Mon Jan 12 13:42:54 2015,yummy,449136,test,C0BA1BF6-FAC6-4DED-91E3-C072F298F4AE
Mon Jan 12 13:42:56 2015,yummy,326983,test,30C4A5C1-66BB-49C9-BD82-CCDE6CC91892
Mon Jan 12 13:42:58 2015,yummy,635744,test,F467843F-93E4-415D-BB93-621628C9EF08
Mon Jan 12 13:43:00 2015,yummy,443669,test,70E1BC32-1B7A-4697-958E-13E5B8884645
Mon Jan 12 13:43:02 2015,yummy,828019,test,4A47CEA7-2C88-4F78-AFA9-C10DA3060A66
Mon Jan 12 13:43:04 2015,yummy,581104,test,32968147-0CF2-49EE-B4CB-3A97F29D05F4
Mon Jan 12 13:43:06 2015,yummy,411627,test,76CC4706-DE6C-436F-A839-2CB57B4BC0DD
Mon Jan 12 13:43:08 2015,yummy,353039,test,9E5DB583-0C55-4A9C-9E3E-FA5B13EFF6F4
Mon Jan 12 13:43:10 2015,yummy,112018,test,A7748CB7-5ADF-4B73-B31B-F4C37E1FE438
Mon Jan 12 13:43:12 2015,yummy,667196,test,FBDF6681-FCDD-43E6-9B3D-3EC9DD54BF3B
Mon Jan 12 13:43:14 2015,yummy,303479,test,4CB4811E-CE4A-4543-BD8C-FDB8EFFEF030
Mon Jan 12 13:43:16 2015,yummy,789522,test,D2C84D0F-DD78-41E7-B64B-2A02C2A79CE8
Mon Jan 12 13:43:18 2015,yummy,586275,test,576D32E4-B860-4E96-ACAF-8D25E99F338B
Mon Jan 12 13:43:20 2015,yummy,289730,test,F859B133-F95A-486A-ACFE-3D0DF32F64CD
Mon Jan 12 13:43:22 2015,yummy,928960,test,649AC8CC-7343-419C-B75B-F9294FBC601B
Mon Jan 12 13:43:24 2015,yummy,588344,test,F36E17E4-D66E-46A9-9437-6B4121DD9C6A
Mon Jan 12 13:43:26 2015,yummy,21259,test,1D85E584-EA5D-4F91-8B46-F83675E0B093
Mon Jan 12 13:43:28 2015,yummy,131643,test,52683BAC-02DE-478E-8AC4-7253E42DB42B
Mon Jan 12 13:43:30 2015,yummy,873298,test,BEF4247A-1D9A-42C2-8FAC-DD939DE30535
Mon Jan 12 13:43:32 2015,yummy,37250,test,F62AA525-C73E-4306-B7C2-64034A1732C0
Mon Jan 12 13:43:34 2015,yummy,145950,test,8D4C0E81-3E02-41DA-83DA-486785B9F15F
Mon Jan 12 13:43:36 2015,yummy,218975,test,3CF64687-C0D9-4AF8-A188-9AAAFD9EEDCC
Mon Jan 12 13:43:38 2015,yummy,850382,test,97FA3250-1D38-449B-B3C5-D89606EFCF9D
Mon Jan 12 13:43:40 2015,yummy,359085,test,11C1C9DF-23AC-461C-94F5-3AD0E3CD701F
Mon Jan 12 13:43:42 2015,yummy,240702,test,302ABA91-4FFB-4576-8837-10521D59BE6F
Mon Jan 12 13:43:44 2015,yummy,445356,test,6FF398F4-2FE5-4350-BE73-B0454E1A3ADC
Mon Jan 12 13:43:46 2015,yummy,902,test,C15483C9-9E9C-4272-AF32-0181B065E7A4
Mon Jan 12 13:43:48 2015,yummy,937,test,F29F0EA9-1FFC-426B-9DEE-A35F9FFAAA10
Mon Jan 12 13:43:50 2015,yummy,926905,test,FF86BA5E-394A-4E2D-A005-6463FFDAC262
Mon Jan 12 13:43:52 2015,yummy,160699,test,FA32396A-2B02-4340-B3D2-A4390CE01D7F
Mon Jan 12 13:43:54 2015,yummy,385547,test,B8924A62-3E03-45F6-A949-0AE803BE03BC
Mon Jan 12 13:43:56 2015,yummy,420537,test,079E36A2-5EC9-4A41-A27F-B64923FD55F3
Mon Jan 12 13:43:58 2015,yummy,263710,test,4C3B2081-A520-4B4F-92D9-0B5A8A11DE29
Mon Jan 12 13:44:00 2015,yummy,72179,test,FF32D3E0-02AD-48DB-A493-B0A04A4A6B98
Mon Jan 12 13:44:02 2015,yummy,24458,test,079120E0-8528-457E-AF62-F91F7DF53333
Mon Jan 12 13:44:04 2015,yummy,920573,test,782D9CE2-2D9C-4702-80FC-0E3BD71BBB77
Mon Jan 12 13:44:06 2015,yummy,562608,test,2A90C832-E56A-4D72-9920-8A74DECD48F0
Mon Jan 12 13:44:08 2015,yummy,413998,test,79A62A1E-5528-4210-B499-B4A7EC88A1D1
Mon Jan 12 13:44:10 2015,yummy,735004,test,2BFB2BC1-F7BB-483F-93F1-14BAD4035142
Mon Jan 12 13:44:12 2015,yummy,152483,test,B2223972-DB88-45AD-8076-725A8040CFE4
Mon Jan 12 13:44:14 2015,yummy,223771,test,BF0EA7E9-719D-4F78-97A3-4FD1429ADFDC
Mon Jan 12 13:44:16 2015,yummy,362015,test,E97231CD-8A03-41BD-A4C1-DF1896B7E1DB
Mon Jan 12 13:44:18 2015,yummy,174108,test,886D2B2B-DAC0-4FF1-ACE0-D57A10C8A6AC
Mon Jan 12 13:44:20 2015,yummy,53557,test,7E8599FF-CF1B-4678-805D-249103869B69
Mon Jan 12 13:44:22 2015,yummy,662078,test,9B3DB0BA-15B1-44C5-9F6A-693B87CFD086
Mon Jan 12 13:44:24 2015,yummy,836926,test,205379EA-5751-4F10-9D33-ADAE0A41C6D5
Mon Jan 12 13:44:26 2015,yummy,622345,test,4ABE6AE1-3AE7-4A5B-907C-1D1CB3C6C3FC
Mon Jan 12 13:44:28 2015,yummy,570811,test,E5CAC4AF-778F-4D52-AE20-F6AD2E27D354
Mon Jan 12 13:44:30 2015,yummy,507147,test,FC99D9D3-3935-43A0-9C18-CF15554650CC
Mon Jan 12 13:44:32 2015,yummy,132749,test,3B83F5D0-95C3-4FD7-AF20-637D8A79BD37
Mon Jan 12 13:44:34 2015,yummy,206639,test,BC5819F0-9B62-4082-8000-C22D4E5A5A34
Mon Jan 12 13:44:36 2015,yummy,703610,test,5058A73D-E1E3-444B-B2C6-6B163AD58518
Mon Jan 12 13:44:38 2015,yummy,664992,test,A6CD6BAC-5847-42B0-8288-5EBED26BEFB5
Mon Jan 12 13:44:40 2015,yummy,594261,test,75BEE383-4DC3-4AE5-8B35-856C3A2D2367
Mon Jan 12 13:44:42 2015,yummy,76557,test,E25AE40A-2143-4B83-9DB8-13573CA57E19
Mon Jan 12 13:44:45 2015,yummy,321692,test,9AA7D8A5-3DC0-47EF-93EF-AEA9B6F0D63E
Mon Jan 12 13:44:47 2015,yummy,156865,test,C9090A9B-A71E-4F57-8EA4-BB1B371FAEAD
Mon Jan 12 13:44:49 2015,yummy,856334,test,C1A9186B-EBB3-46E0-8A58-DF8F159DBA37
Mon Jan 12 13:44:51 2015,yummy,983808,test,F85CBB19-85D9-4646-A899-2783D772E2B2
Mon Jan 12 13:44:53 2015,yummy,308966,test,30725546-64E6-4265-A8C1-C9173AA91C1B
Mon Jan 12 13:44:55 2015,yummy,494192,test,C082A2A8-0271-4D4E-8041-94B1D82EE212
Mon Jan 12 13:44:57 2015,yummy,849406,test,F39AD2CD-0FE6-419B-B8F0-C3ACB1D04316
Mon Jan 12 13:44:59 2015,yummy,301890,test,D7E3DEE9-79DA-4572-B052-F8CF5C557A90
Mon Jan 12 13:45:01 2015,yummy,784610,test,2F29AC42-97F8-46EA-9F92-53E18CBBAA7D
Mon Jan 12 13:45:03 2015,yummy,501316,test,FD9A31BE-9F90-4016-BD37-4C67966A6B8A
Mon Jan 12 13:45:05 2015,yummy,908515,test,D4C2CC2F-0200-4EFF-B6E5-34568410717B
Mon Jan 12 13:45:07 2015,yummy,627012,test,0D9C3E98-6F1B-4A4F-BEE3-1EAA9E0E658E
Mon Jan 12 13:45:09 2015,yummy,165768,test,1B64DABB-F377-4004-B424-8465F457CBA8
Mon Jan 12 13:45:11 2015,yummy,206919,test,76B7AABF-E997-4268-B493-4F442811204E
Mon Jan 12 13:45:13 2015,yummy,329162,test,0D325288-0605-4D2C-8366-3E42FCF24E58
Mon Jan 12 13:45:15 2015,yummy,164922,test,B02AE935-E787-4F79-9D93-8B87E18086E6
Mon Jan 12 13:45:17 2015,yummy,380202,test,85AF0A10-A52A-4314-BE0B-687A9C78E1FE
Mon Jan 12 13:45:19 2015,yummy,640916,test,506FA5BE-9AC8-4232-B35F-D391E28258D2
Mon Jan 12 13:45:21 2015,yummy,663015,test,C11D7370-11A3-453F-828E-C36D21F1E0EA
Mon Jan 12 13:45:23 2015,yummy,401558,test,9426753D-CA22-49E2-B6C6-3B06C7DF7AB9
Mon Jan 12 13:45:25 2015,yummy,598012,test,A0E34678-3A34-47DC-AD43-B5EAE4AA15CF
Mon Jan 12 13:45:27 2015,yummy,999429,test,CE3A1D00-426C-4316-9000-4C8E8B41F794
Mon Jan 12 13:45:29 2015,yummy,902031,test,3741272D-DC72-4EC1-946F-A23587C8182B
Mon Jan 12 13:45:31 2015,yummy,427176,test,3A5F7CE9-851B-46DC-95B0-9860A79DDFE8
Mon Jan 12 13:45:33 2015,yummy,929881,test,4FE0932D-7A1B-49AE-BDDB-0FEA25DE4BA5
Mon Jan 12 13:45:35 2015,yummy,782719,test,CE47D404-BACB-4D78-8BFC-1FAC30D1CD25
Mon Jan 12 13:45:37 2015,yummy,563483,test,4FE25C9E-406E-410C-B3F6-3528C72C8E7D
Mon Jan 12 13:45:39 2015,yummy,410502,test,38E35C32-462D-4A8B-A568-AB0E7A6B88A7
Mon Jan 12 13:45:41 2015,yummy,901938,test,5DD43573-9DE8-4662-B165-C41733245565
Mon Jan 12 13:45:43 2015,yummy,729199,test,797ADECF-0D4F-45BA-A350-628A17EBF8C7
Mon Jan 12 13:45:45 2015,yummy,53861,test,36F782C4-396B-4529-B469-FBCBC5ED1D31
Mon Jan 12 13:45:47 2015,yummy,356461,test,27349A87-3311-4282-ADC9-81628B069B38
Mon Jan 12 13:45:49 2015,yummy,446409,test,9A25F0C4-4156-49A3-916C-D23C6B39932A
Mon Jan 12 13:45:51 2015,yummy,925595,test,B1093950-D12E-44F9-8F5C-AD14003C9B83
Mon Jan 12 13:45:53 2015,yummy,690345,test,26B5B111-515B-49C6-9CAD-A5A23517EA6F
Mon Jan 12 13:45:55 2015,yummy,511058,test,B9FAA511-8959-4ED8-A0BE-5015AA1F644C
Mon Jan 12 13:45:57 2015,yummy,190614,test,7276C9D8-8277-40A7-B0D1-4AD756AE8B4B
Mon Jan 12 13:45:59 2015,yummy,584753,test,E4A8FB06-AC95-410C-B46D-1368C0A7E564
Mon Jan 12 13:46:01 2015,yummy,419080,test,6C7DDE49-7E20-4A71-A044-F76F2282E1FD
Mon Jan 12 13:46:03 2015,yummy,761313,test,D59E1929-60E9-4E29-822A-F9E9007E6869
Mon Jan 12 13:46:05 2015,yummy,48080,test,E9D3514C-61ED-4EAA-9037-AC1768E49BA7
Mon Jan 12 13:46:07 2015,yummy,67483,test,1204916B-93F1-461A-8A14-96A15A77B084
Mon Jan 12 13:46:09 2015,yummy,754715,test,5E9816CC-B042-4F97-8004-EFB029E5596E
Mon Jan 12 13:46:11 2015,yummy,605831,test,821CF5CA-A701-4056-B35B-EA5C7545D877
Mon Jan 12 13:46:13 2015,yummy,343613,test,D112E20C-B8D7-4432-8864-AE08669CF8C5
Mon Jan 12 13:46:15 2015,yummy,655227,test,D66F9348-9E85-46A2-9B19-1898430C106C
Mon Jan 12 13:46:17 2015,yummy,331399,test,ADD8E2A3-F1B0-4969-BDC9-3ADA8BEE2394
Mon Jan 12 13:46:19 2015,yummy,810239,test,A99CC918-1439-463A-92E1-401DA6A31AAE
Mon Jan 12 13:46:21 2015,yummy,783910,test,E0FD42C2-2283-4F2C-B995-5E718A24673E
Mon Jan 12 13:46:23 2015,yummy,931488,test,0779B53E-66E3-4AD5-9F87-1BC9063466D8
Mon Jan 12 13:46:25 2015,yummy,897801,test,3D600BDF-2760-4D7C-ADF9-F3847895B603
Mon Jan 12 13:46:27 2015,yummy,606629,test,317AC734-1722-4190-8FB8-E52B19C90947
Mon Jan 12 13:46:29 2015,yummy,626963,test,EA54FE24-59CA-4E01-850B-0CBCD365EF90
Mon Jan 12 13:46:31 2015,yummy,930087,test,903DDCB9-9D75-446D-BC9C-2F7F17234301
Mon Jan 12 13:46:33 2015,yummy,694816,test,474AAF6D-CC66-4B33-8843-88D967E921A7
Mon Jan 12 13:46:35 2015,yummy,221127,test,C6FE5B98-3940-4FC6-B39C-094AF54C33C0
Mon Jan 12 13:46:37 2015,yummy,33166,test,42D8E82E-7F4F-4C1A-A3FD-58A92423F980
Mon Jan 12 13:46:39 2015,yummy,188972,test,320B6558-6A5D-43B1-A888-F3625AA0B9EB
Mon Jan 12 13:46:41 2015,yummy,151815,test,64E0D825-9CB8-49D5-A9CF-09ED2202B9A7
